[ 2017-12-27T18:49:24+08:00 ] 127.0.0.1 /index.php/Home/Index/index
INFO: [ app_init ] --START--
INFO: Run Behavior\BuildLiteBehavior [ RunTime:0.000000s ]
INFO: [ app_init ] --END-- [ RunTime:0.001000s ]
INFO: [ app_begin ] --START--
INFO: Run Behavior\ReadHtmlCacheBehavior [ RunTime:0.002001s ]
INFO: [ app_begin ] --END-- [ RunTime:0.002001s ]
SQL: SHOW COLUMNS FROM `mall_class` [ RunTime:0.0560s ]
SQL: SELECT * FROM `mall_class` WHERE `status` = 1 AND `partent_id` = 0 ORDER BY listorder desc,class_id   [ RunTime:0.0260s ]
SQL: SELECT * FROM `mall_class` WHERE `status` = 1  [ RunTime:0.0010s ]
SQL: select  * from mall_product left join mall_class on mall_product.class_id=mall_class.class_id  where partent_id=68 and mall_product.status=1  order by partent_id,sell desc limit 0,5  [ RunTime:0.1560s ]
SQL: select  * from mall_product left join mall_class on mall_product.class_id=mall_class.class_id  where partent_id=69 and mall_product.status=1  order by partent_id,sell desc limit 0,5  [ RunTime:0.0110s ]
SQL: select  * from mall_product left join mall_class on mall_product.class_id=mall_class.class_id  where partent_id=70 and mall_product.status=1  order by partent_id,sell desc limit 0,5  [ RunTime:0.0120s ]
SQL: select  * from mall_product left join mall_class on mall_product.class_id=mall_class.class_id  where partent_id=71 and mall_product.status=1  order by partent_id,sell desc limit 0,5  [ RunTime:0.0090s ]
SQL: select  * from mall_product left join mall_class on mall_product.class_id=mall_class.class_id  where partent_id=72 and mall_product.status=1  order by partent_id,sell desc limit 0,5  [ RunTime:0.0060s ]
SQL: select  * from mall_product left join mall_class on mall_product.class_id=mall_class.class_id  where partent_id=73 and mall_product.status=1  order by partent_id,sell desc limit 0,5  [ RunTime:0.0050s ]
SQL: select  * from mall_product left join mall_class on mall_product.class_id=mall_class.class_id  where partent_id=74 and mall_product.status=1  order by partent_id,sell desc limit 0,5  [ RunTime:0.0060s ]
SQL: select  * from mall_product left join mall_class on mall_product.class_id=mall_class.class_id  where partent_id=75 and mall_product.status=1  order by partent_id,sell desc limit 0,5  [ RunTime:0.0060s ]
SQL: select  * from mall_product left join mall_class on mall_product.class_id=mall_class.class_id  where partent_id=40 and mall_product.status=1  order by partent_id,sell desc limit 0,5  [ RunTime:0.0020s ]
SQL: select  * from mall_product left join mall_class on mall_product.class_id=mall_class.class_id  where partent_id=50 and mall_product.status=1  order by partent_id,sell desc limit 0,5  [ RunTime:0.0050s ]
SQL: select  * from mall_product left join mall_class on mall_product.class_id=mall_class.class_id  where partent_id=51 and mall_product.status=1  order by partent_id,sell desc limit 0,5  [ RunTime:0.0050s ]
SQL: select  * from mall_product left join mall_class on mall_product.class_id=mall_class.class_id  where partent_id=54 and mall_product.status=1  order by partent_id,sell desc limit 0,5  [ RunTime:0.0050s ]
SQL: select  * from mall_product left join mall_class on mall_product.class_id=mall_class.class_id  where partent_id=55 and mall_product.status=1  order by partent_id,sell desc limit 0,5  [ RunTime:0.0060s ]
SQL: select  * from mall_product left join mall_class on mall_product.class_id=mall_class.class_id  where partent_id=56 and mall_product.status=1  order by partent_id,sell desc limit 0,5  [ RunTime:0.0060s ]
SQL: select  * from mall_product left join mall_class on mall_product.class_id=mall_class.class_id  where partent_id=57 and mall_product.status=1  order by partent_id,sell desc limit 0,5  [ RunTime:0.0050s ]
SQL: select  * from mall_product left join mall_class on mall_product.class_id=mall_class.class_id  where partent_id=58 and mall_product.status=1  order by partent_id,sell desc limit 0,5  [ RunTime:0.0040s ]
SQL: select  * from mall_product left join mall_class on mall_product.class_id=mall_class.class_id  where partent_id=59 and mall_product.status=1  order by partent_id,sell desc limit 0,5  [ RunTime:0.0040s ]
SQL: select  * from mall_product left join mall_class on mall_product.class_id=mall_class.class_id  where partent_id=41 and mall_product.status=1  order by partent_id,sell desc limit 0,5  [ RunTime:0.0020s ]
SQL: select  * from mall_product left join mall_class on mall_product.class_id=mall_class.class_id  where partent_id=111 and mall_product.status=1  order by partent_id,sell desc limit 0,5  [ RunTime:0.0040s ]
SQL: select  * from mall_product left join mall_class on mall_product.class_id=mall_class.class_id  where partent_id=112 and mall_product.status=1  order by partent_id,sell desc limit 0,5  [ RunTime:0.0040s ]
SQL: select  * from mall_product left join mall_class on mall_product.class_id=mall_class.class_id  where partent_id=113 and mall_product.status=1  order by partent_id,sell desc limit 0,5  [ RunTime:0.0050s ]
SQL: select  * from mall_product left join mall_class on mall_product.class_id=mall_class.class_id  where partent_id=114 and mall_product.status=1  order by partent_id,sell desc limit 0,5  [ RunTime:0.0040s ]
SQL: select  * from mall_product left join mall_class on mall_product.class_id=mall_class.class_id  where partent_id=115 and mall_product.status=1  order by partent_id,sell desc limit 0,5  [ RunTime:0.0060s ]
SQL: select  * from mall_product left join mall_class on mall_product.class_id=mall_class.class_id  where partent_id=116 and mall_product.status=1  order by partent_id,sell desc limit 0,5  [ RunTime:0.0040s ]
SQL: select  * from mall_product left join mall_class on mall_product.class_id=mall_class.class_id  where partent_id=117 and mall_product.status=1  order by partent_id,sell desc limit 0,5  [ RunTime:0.0040s ]
SQL: select  * from mall_product left join mall_class on mall_product.class_id=mall_class.class_id  where partent_id=42 and mall_product.status=1  order by partent_id,sell desc limit 0,5  [ RunTime:0.0010s ]
SQL: select  * from mall_product left join mall_class on mall_product.class_id=mall_class.class_id  where partent_id=118 and mall_product.status=1  order by partent_id,sell desc limit 0,5  [ RunTime:0.0050s ]
SQL: select  * from mall_product left join mall_class on mall_product.class_id=mall_class.class_id  where partent_id=119 and mall_product.status=1  order by partent_id,sell desc limit 0,5  [ RunTime:0.0040s ]
SQL: select  * from mall_product left join mall_class on mall_product.class_id=mall_class.class_id  where partent_id=120 and mall_product.status=1  order by partent_id,sell desc limit 0,5  [ RunTime:0.0040s ]
SQL: select  * from mall_product left join mall_class on mall_product.class_id=mall_class.class_id  where partent_id=121 and mall_product.status=1  order by partent_id,sell desc limit 0,5  [ RunTime:0.0040s ]
SQL: select  * from mall_product left join mall_class on mall_product.class_id=mall_class.class_id  where partent_id=122 and mall_product.status=1  order by partent_id,sell desc limit 0,5  [ RunTime:0.0040s ]
SQL: select  * from mall_product left join mall_class on mall_product.class_id=mall_class.class_id  where partent_id=123 and mall_product.status=1  order by partent_id,sell desc limit 0,5  [ RunTime:0.0040s ]
SQL: select  * from mall_product left join mall_class on mall_product.class_id=mall_class.class_id  where partent_id=43 and mall_product.status=1  order by partent_id,sell desc limit 0,5  [ RunTime:0.0030s ]
SQL: select  * from mall_product left join mall_class on mall_product.class_id=mall_class.class_id  where partent_id=105 and mall_product.status=1  order by partent_id,sell desc limit 0,5  [ RunTime:0.0040s ]
SQL: select  * from mall_product left join mall_class on mall_product.class_id=mall_class.class_id  where partent_id=106 and mall_product.status=1  order by partent_id,sell desc limit 0,5  [ RunTime:0.0050s ]
SQL: select  * from mall_product left join mall_class on mall_product.class_id=mall_class.class_id  where partent_id=107 and mall_product.status=1  order by partent_id,sell desc limit 0,5  [ RunTime:0.0040s ]
SQL: select  * from mall_product left join mall_class on mall_product.class_id=mall_class.class_id  where partent_id=108 and mall_product.status=1  order by partent_id,sell desc limit 0,5  [ RunTime:0.0050s ]
SQL: select  * from mall_product left join mall_class on mall_product.class_id=mall_class.class_id  where partent_id=109 and mall_product.status=1  order by partent_id,sell desc limit 0,5  [ RunTime:0.0040s ]
SQL: select  * from mall_product left join mall_class on mall_product.class_id=mall_class.class_id  where partent_id=110 and mall_product.status=1  order by partent_id,sell desc limit 0,5  [ RunTime:0.0040s ]
SQL: select  * from mall_product left join mall_class on mall_product.class_id=mall_class.class_id  where partent_id=44 and mall_product.status=1  order by partent_id,sell desc limit 0,5  [ RunTime:0.0010s ]
SQL: select  * from mall_product left join mall_class on mall_product.class_id=mall_class.class_id  where partent_id=99 and mall_product.status=1  order by partent_id,sell desc limit 0,5  [ RunTime:0.0040s ]
SQL: select  * from mall_product left join mall_class on mall_product.class_id=mall_class.class_id  where partent_id=100 and mall_product.status=1  order by partent_id,sell desc limit 0,5  [ RunTime:0.0040s ]
SQL: select  * from mall_product left join mall_class on mall_product.class_id=mall_class.class_id  where partent_id=101 and mall_product.status=1  order by partent_id,sell desc limit 0,5  [ RunTime:0.0050s ]
SQL: select  * from mall_product left join mall_class on mall_product.class_id=mall_class.class_id  where partent_id=102 and mall_product.status=1  order by partent_id,sell desc limit 0,5  [ RunTime:0.0040s ]
SQL: select  * from mall_product left join mall_class on mall_product.class_id=mall_class.class_id  where partent_id=103 and mall_product.status=1  order by partent_id,sell desc limit 0,5  [ RunTime:0.0040s ]
SQL: select  * from mall_product left join mall_class on mall_product.class_id=mall_class.class_id  where partent_id=104 and mall_product.status=1  order by partent_id,sell desc limit 0,5  [ RunTime:0.0040s ]
SQL: select  * from mall_product left join mall_class on mall_product.class_id=mall_class.class_id  where partent_id=45 and mall_product.status=1  order by partent_id,sell desc limit 0,5  [ RunTime:0.0040s ]
SQL: select  * from mall_product left join mall_class on mall_product.class_id=mall_class.class_id  where partent_id=92 and mall_product.status=1  order by partent_id,sell desc limit 0,5  [ RunTime:0.0040s ]
SQL: select  * from mall_product left join mall_class on mall_product.class_id=mall_class.class_id  where partent_id=93 and mall_product.status=1  order by partent_id,sell desc limit 0,5  [ RunTime:0.0040s ]
SQL: select  * from mall_product left join mall_class on mall_product.class_id=mall_class.class_id  where partent_id=94 and mall_product.status=1  order by partent_id,sell desc limit 0,5  [ RunTime:0.0040s ]
SQL: select  * from mall_product left join mall_class on mall_product.class_id=mall_class.class_id  where partent_id=95 and mall_product.status=1  order by partent_id,sell desc limit 0,5  [ RunTime:0.0050s ]
SQL: select  * from mall_product left join mall_class on mall_product.class_id=mall_class.class_id  where partent_id=96 and mall_product.status=1  order by partent_id,sell desc limit 0,5  [ RunTime:0.0040s ]
SQL: select  * from mall_product left join mall_class on mall_product.class_id=mall_class.class_id  where partent_id=97 and mall_product.status=1  order by partent_id,sell desc limit 0,5  [ RunTime:0.0040s ]
SQL: select  * from mall_product left join mall_class on mall_product.class_id=mall_class.class_id  where partent_id=98 and mall_product.status=1  order by partent_id,sell desc limit 0,5  [ RunTime:0.0040s ]
SQL: select  * from mall_product left join mall_class on mall_product.class_id=mall_class.class_id  where partent_id=46 and mall_product.status=1  order by partent_id,sell desc limit 0,5  [ RunTime:0.0020s ]
SQL: select  * from mall_product left join mall_class on mall_product.class_id=mall_class.class_id  where partent_id=85 and mall_product.status=1  order by partent_id,sell desc limit 0,5  [ RunTime:0.0040s ]
SQL: select  * from mall_product left join mall_class on mall_product.class_id=mall_class.class_id  where partent_id=86 and mall_product.status=1  order by partent_id,sell desc limit 0,5  [ RunTime:0.0050s ]
SQL: select  * from mall_product left join mall_class on mall_product.class_id=mall_class.class_id  where partent_id=87 and mall_product.status=1  order by partent_id,sell desc limit 0,5  [ RunTime:0.0040s ]
SQL: select  * from mall_product left join mall_class on mall_product.class_id=mall_class.class_id  where partent_id=88 and mall_product.status=1  order by partent_id,sell desc limit 0,5  [ RunTime:0.0040s ]
SQL: select  * from mall_product left join mall_class on mall_product.class_id=mall_class.class_id  where partent_id=89 and mall_product.status=1  order by partent_id,sell desc limit 0,5  [ RunTime:0.0050s ]
SQL: select  * from mall_product left join mall_class on mall_product.class_id=mall_class.class_id  where partent_id=90 and mall_product.status=1  order by partent_id,sell desc limit 0,5  [ RunTime:0.0040s ]
SQL: select  * from mall_product left join mall_class on mall_product.class_id=mall_class.class_id  where partent_id=91 and mall_product.status=1  order by partent_id,sell desc limit 0,5  [ RunTime:0.0050s ]
SQL: select  * from mall_product left join mall_class on mall_product.class_id=mall_class.class_id  where partent_id=47 and mall_product.status=1  order by partent_id,sell desc limit 0,5  [ RunTime:0.0020s ]
SQL: select  * from mall_product left join mall_class on mall_product.class_id=mall_class.class_id  where partent_id=52 and mall_product.status=1  order by partent_id,sell desc limit 0,5  [ RunTime:0.0040s ]
SQL: select  * from mall_product left join mall_class on mall_product.class_id=mall_class.class_id  where partent_id=76 and mall_product.status=1  order by partent_id,sell desc limit 0,5  [ RunTime:0.0050s ]
SQL: select  * from mall_product left join mall_class on mall_product.class_id=mall_class.class_id  where partent_id=77 and mall_product.status=1  order by partent_id,sell desc limit 0,5  [ RunTime:0.0050s ]
SQL: select  * from mall_product left join mall_class on mall_product.class_id=mall_class.class_id  where partent_id=78 and mall_product.status=1  order by partent_id,sell desc limit 0,5  [ RunTime:0.0040s ]
SQL: select  * from mall_product left join mall_class on mall_product.class_id=mall_class.class_id  where partent_id=79 and mall_product.status=1  order by partent_id,sell desc limit 0,5  [ RunTime:0.0050s ]
SQL: select  * from mall_product left join mall_class on mall_product.class_id=mall_class.class_id  where partent_id=80 and mall_product.status=1  order by partent_id,sell desc limit 0,5  [ RunTime:0.0040s ]
SQL: select  * from mall_product left join mall_class on mall_product.class_id=mall_class.class_id  where partent_id=81 and mall_product.status=1  order by partent_id,sell desc limit 0,5  [ RunTime:0.0040s ]
SQL: select  * from mall_product left join mall_class on mall_product.class_id=mall_class.class_id  where partent_id=82 and mall_product.status=1  order by partent_id,sell desc limit 0,5  [ RunTime:0.0050s ]
SQL: select  * from mall_product left join mall_class on mall_product.class_id=mall_class.class_id  where partent_id=48 and mall_product.status=1  order by partent_id,sell desc limit 0,5  [ RunTime:0.0010s ]
SQL: select  * from mall_product left join mall_class on mall_product.class_id=mall_class.class_id  where partent_id=60 and mall_product.status=1  order by partent_id,sell desc limit 0,5  [ RunTime:0.0040s ]
SQL: select  * from mall_product left join mall_class on mall_product.class_id=mall_class.class_id  where partent_id=61 and mall_product.status=1  order by partent_id,sell desc limit 0,5  [ RunTime:0.0040s ]
SQL: select  * from mall_product left join mall_class on mall_product.class_id=mall_class.class_id  where partent_id=62 and mall_product.status=1  order by partent_id,sell desc limit 0,5  [ RunTime:0.0040s ]
SQL: select  * from mall_product left join mall_class on mall_product.class_id=mall_class.class_id  where partent_id=63 and mall_product.status=1  order by partent_id,sell desc limit 0,5  [ RunTime:0.0040s ]
SQL: select  * from mall_product left join mall_class on mall_product.class_id=mall_class.class_id  where partent_id=64 and mall_product.status=1  order by partent_id,sell desc limit 0,5  [ RunTime:0.0040s ]
SQL: select  * from mall_product left join mall_class on mall_product.class_id=mall_class.class_id  where partent_id=65 and mall_product.status=1  order by partent_id,sell desc limit 0,5  [ RunTime:0.0050s ]
SQL: select  * from mall_product left join mall_class on mall_product.class_id=mall_class.class_id  where partent_id=66 and mall_product.status=1  order by partent_id,sell desc limit 0,5  [ RunTime:0.0050s ]
SQL: select  * from mall_product left join mall_class on mall_product.class_id=mall_class.class_id  where partent_id=67 and mall_product.status=1  order by partent_id,sell desc limit 0,5  [ RunTime:0.0050s ]
SQL: select  * from mall_product left join mall_class on mall_product.class_id=mall_class.class_id  where partent_id=49 and mall_product.status=1  order by partent_id,sell desc limit 0,5  [ RunTime:0.0020s ]
SQL: select  * from mall_product left join mall_class on mall_product.class_id=mall_class.class_id  where partent_id=124 and mall_product.status=1  order by partent_id,sell desc limit 0,5  [ RunTime:0.0040s ]
SQL: select  * from mall_product left join mall_class on mall_product.class_id=mall_class.class_id  where partent_id=125 and mall_product.status=1  order by partent_id,sell desc limit 0,5  [ RunTime:0.0050s ]
SQL: SHOW COLUMNS FROM `mall_cart` [ RunTime:0.0690s ]
SQL: SELECT COUNT(*) AS tp_count FROM `mall_cart` WHERE `user_id` = null LIMIT 1   [ RunTime:0.3740s ]
INFO: [ view_parse ] --START--
INFO: [ template_filter ] --START--
INFO: Run Behavior\ContentReplaceBehavior [ RunTime:0.000000s ]
INFO: [ template_filter ] --END-- [ RunTime:0.000000s ]
INFO: Run Behavior\ParseTemplateBehavior [ RunTime:0.194012s ]
INFO: [ view_parse ] --END-- [ RunTime:0.194012s ]
INFO: [ view_filter ] --START--
INFO: Run Behavior\WriteHtmlCacheBehavior [ RunTime:0.001000s ]
INFO: [ view_filter ] --END-- [ RunTime:0.001000s ]
INFO: [ app_end ] --START--
INFO: Run Behavior\ShowPageTraceBehavior [ RunTime:0.001000s ]
INFO: [ app_end ] --END-- [ RunTime:0.001000s ]

[ 2017-12-27T18:49:42+08:00 ] 127.0.0.1 /index.php/Home/Productinfo/index/id/11.html
INFO: [ app_init ] --START--
INFO: Run Behavior\BuildLiteBehavior [ RunTime:0.000000s ]
INFO: [ app_init ] --END-- [ RunTime:0.001000s ]
INFO: [ app_begin ] --START--
INFO: Run Behavior\ReadHtmlCacheBehavior [ RunTime:0.002000s ]
INFO: [ app_begin ] --END-- [ RunTime:0.002000s ]
SQL: SHOW COLUMNS FROM `mall_class` [ RunTime:0.0270s ]
SQL: SELECT * FROM `mall_class` WHERE `status` = 1 AND `partent_id` = 0 ORDER BY listorder desc,class_id   [ RunTime:0.0010s ]
NOTIC: [2] Declaration of Common\Model\ProductModel::find($id) should be compatible with Think\Model::find($options = Array) D:\wamp64\www\mall\Application\Common\Model\ProductModel.class.php 第 176 行.
SQL: SHOW COLUMNS FROM `mall_product` [ RunTime:0.0070s ]
SQL: SELECT * FROM `mall_product` WHERE ( id=11 ) LIMIT 1   [ RunTime:0.0010s ]
SQL: SHOW COLUMNS FROM `mall_cart` [ RunTime:0.0250s ]
SQL: SELECT COUNT(*) AS tp_count FROM `mall_cart` WHERE `user_id` = null LIMIT 1   [ RunTime:0.0010s ]
INFO: [ view_parse ] --START--
INFO: [ template_filter ] --START--
INFO: Run Behavior\ContentReplaceBehavior [ RunTime:0.000000s ]
INFO: [ template_filter ] --END-- [ RunTime:0.000000s ]
INFO: Run Behavior\ParseTemplateBehavior [ RunTime:0.039002s ]
INFO: [ view_parse ] --END-- [ RunTime:0.039002s ]
INFO: [ view_filter ] --START--
INFO: Run Behavior\WriteHtmlCacheBehavior [ RunTime:0.001000s ]
INFO: [ view_filter ] --END-- [ RunTime:0.001000s ]
INFO: [ app_end ] --START--
INFO: Run Behavior\ShowPageTraceBehavior [ RunTime:0.002000s ]
INFO: [ app_end ] --END-- [ RunTime:0.002000s ]

[ 2017-12-27T18:49:42+08:00 ] 127.0.0.1 /index.php/Home/Productinfo/favicon.ico
INFO: [ app_init ] --START--
INFO: Run Behavior\BuildLiteBehavior [ RunTime:0.000000s ]
INFO: [ app_init ] --END-- [ RunTime:0.001000s ]

[ 2017-12-27T18:49:49+08:00 ] 127.0.0.1 /index.php/home/cart/add
INFO: [ app_init ] --START--
INFO: Run Behavior\BuildLiteBehavior [ RunTime:0.000000s ]
INFO: [ app_init ] --END-- [ RunTime:0.000000s ]
INFO: [ app_begin ] --START--
INFO: Run Behavior\ReadHtmlCacheBehavior [ RunTime:0.001000s ]
INFO: [ app_begin ] --END-- [ RunTime:0.001000s ]

[ 2017-12-27T18:50:49+08:00 ] 127.0.0.1 /index.php
INFO: [ app_init ] --START--
INFO: Run Behavior\BuildLiteBehavior [ RunTime:0.000000s ]
INFO: [ app_init ] --END-- [ RunTime:0.003000s ]
INFO: [ app_begin ] --START--
INFO: Run Behavior\ReadHtmlCacheBehavior [ RunTime:0.003001s ]
INFO: [ app_begin ] --END-- [ RunTime:0.003001s ]
SQL: SHOW COLUMNS FROM `mall_class` [ RunTime:0.0110s ]
SQL: SELECT * FROM `mall_class` WHERE `status` = 1 AND `partent_id` = 0 ORDER BY listorder desc,class_id   [ RunTime:0.0000s ]
SQL: SELECT * FROM `mall_class` WHERE `status` = 1  [ RunTime:0.0010s ]
SQL: select  * from mall_product left join mall_class on mall_product.class_id=mall_class.class_id  where partent_id=68 and mall_product.status=1  order by partent_id,sell desc limit 0,5  [ RunTime:0.0200s ]
SQL: select  * from mall_product left join mall_class on mall_product.class_id=mall_class.class_id  where partent_id=69 and mall_product.status=1  order by partent_id,sell desc limit 0,5  [ RunTime:0.0060s ]
SQL: select  * from mall_product left join mall_class on mall_product.class_id=mall_class.class_id  where partent_id=70 and mall_product.status=1  order by partent_id,sell desc limit 0,5  [ RunTime:0.0060s ]
SQL: select  * from mall_product left join mall_class on mall_product.class_id=mall_class.class_id  where partent_id=71 and mall_product.status=1  order by partent_id,sell desc limit 0,5  [ RunTime:0.0060s ]
SQL: select  * from mall_product left join mall_class on mall_product.class_id=mall_class.class_id  where partent_id=72 and mall_product.status=1  order by partent_id,sell desc limit 0,5  [ RunTime:0.0060s ]
SQL: select  * from mall_product left join mall_class on mall_product.class_id=mall_class.class_id  where partent_id=73 and mall_product.status=1  order by partent_id,sell desc limit 0,5  [ RunTime:0.0060s ]
SQL: select  * from mall_product left join mall_class on mall_product.class_id=mall_class.class_id  where partent_id=74 and mall_product.status=1  order by partent_id,sell desc limit 0,5  [ RunTime:0.0060s ]
SQL: select  * from mall_product left join mall_class on mall_product.class_id=mall_class.class_id  where partent_id=75 and mall_product.status=1  order by partent_id,sell desc limit 0,5  [ RunTime:0.0040s ]
SQL: select  * from mall_product left join mall_class on mall_product.class_id=mall_class.class_id  where partent_id=40 and mall_product.status=1  order by partent_id,sell desc limit 0,5  [ RunTime:0.0010s ]
SQL: select  * from mall_product left join mall_class on mall_product.class_id=mall_class.class_id  where partent_id=50 and mall_product.status=1  order by partent_id,sell desc limit 0,5  [ RunTime:0.0040s ]
SQL: select  * from mall_product left join mall_class on mall_product.class_id=mall_class.class_id  where partent_id=51 and mall_product.status=1  order by partent_id,sell desc limit 0,5  [ RunTime:0.0040s ]
SQL: select  * from mall_product left join mall_class on mall_product.class_id=mall_class.class_id  where partent_id=54 and mall_product.status=1  order by partent_id,sell desc limit 0,5  [ RunTime:0.0050s ]
SQL: select  * from mall_product left join mall_class on mall_product.class_id=mall_class.class_id  where partent_id=55 and mall_product.status=1  order by partent_id,sell desc limit 0,5  [ RunTime:0.0040s ]
SQL: select  * from mall_product left join mall_class on mall_product.class_id=mall_class.class_id  where partent_id=56 and mall_product.status=1  order by partent_id,sell desc limit 0,5  [ RunTime:0.0040s ]
SQL: select  * from mall_product left join mall_class on mall_product.class_id=mall_class.class_id  where partent_id=57 and mall_product.status=1  order by partent_id,sell desc limit 0,5  [ RunTime:0.0050s ]
SQL: select  * from mall_product left join mall_class on mall_product.class_id=mall_class.class_id  where partent_id=58 and mall_product.status=1  order by partent_id,sell desc limit 0,5  [ RunTime:0.0040s ]
SQL: select  * from mall_product left join mall_class on mall_product.class_id=mall_class.class_id  where partent_id=59 and mall_product.status=1  order by partent_id,sell desc limit 0,5  [ RunTime:0.0040s ]
SQL: select  * from mall_product left join mall_class on mall_product.class_id=mall_class.class_id  where partent_id=41 and mall_product.status=1  order by partent_id,sell desc limit 0,5  [ RunTime:0.0020s ]
SQL: select  * from mall_product left join mall_class on mall_product.class_id=mall_class.class_id  where partent_id=111 and mall_product.status=1  order by partent_id,sell desc limit 0,5  [ RunTime:0.0040s ]
SQL: select  * from mall_product left join mall_class on mall_product.class_id=mall_class.class_id  where partent_id=112 and mall_product.status=1  order by partent_id,sell desc limit 0,5  [ RunTime:0.0040s ]
SQL: select  * from mall_product left join mall_class on mall_product.class_id=mall_class.class_id  where partent_id=113 and mall_product.status=1  order by partent_id,sell desc limit 0,5  [ RunTime:0.0040s ]
SQL: select  * from mall_product left join mall_class on mall_product.class_id=mall_class.class_id  where partent_id=114 and mall_product.status=1  order by partent_id,sell desc limit 0,5  [ RunTime:0.0040s ]
SQL: select  * from mall_product left join mall_class on mall_product.class_id=mall_class.class_id  where partent_id=115 and mall_product.status=1  order by partent_id,sell desc limit 0,5  [ RunTime:0.0040s ]
SQL: select  * from mall_product left join mall_class on mall_product.class_id=mall_class.class_id  where partent_id=116 and mall_product.status=1  order by partent_id,sell desc limit 0,5  [ RunTime:0.0040s ]
SQL: select  * from mall_product left join mall_class on mall_product.class_id=mall_class.class_id  where partent_id=117 and mall_product.status=1  order by partent_id,sell desc limit 0,5  [ RunTime:0.0040s ]
SQL: select  * from mall_product left join mall_class on mall_product.class_id=mall_class.class_id  where partent_id=42 and mall_product.status=1  order by partent_id,sell desc limit 0,5  [ RunTime:0.0020s ]
SQL: select  * from mall_product left join mall_class on mall_product.class_id=mall_class.class_id  where partent_id=118 and mall_product.status=1  order by partent_id,sell desc limit 0,5  [ RunTime:0.0040s ]
SQL: select  * from mall_product left join mall_class on mall_product.class_id=mall_class.class_id  where partent_id=119 and mall_product.status=1  order by partent_id,sell desc limit 0,5  [ RunTime:0.0040s ]
SQL: select  * from mall_product left join mall_class on mall_product.class_id=mall_class.class_id  where partent_id=120 and mall_product.status=1  order by partent_id,sell desc limit 0,5  [ RunTime:0.0040s ]
SQL: select  * from mall_product left join mall_class on mall_product.class_id=mall_class.class_id  where partent_id=121 and mall_product.status=1  order by partent_id,sell desc limit 0,5  [ RunTime:0.0050s ]
SQL: select  * from mall_product left join mall_class on mall_product.class_id=mall_class.class_id  where partent_id=122 and mall_product.status=1  order by partent_id,sell desc limit 0,5  [ RunTime:0.0040s ]
SQL: select  * from mall_product left join mall_class on mall_product.class_id=mall_class.class_id  where partent_id=123 and mall_product.status=1  order by partent_id,sell desc limit 0,5  [ RunTime:0.0040s ]
SQL: select  * from mall_product left join mall_class on mall_product.class_id=mall_class.class_id  where partent_id=43 and mall_product.status=1  order by partent_id,sell desc limit 0,5  [ RunTime:0.0030s ]
SQL: select  * from mall_product left join mall_class on mall_product.class_id=mall_class.class_id  where partent_id=105 and mall_product.status=1  order by partent_id,sell desc limit 0,5  [ RunTime:0.0040s ]
SQL: select  * from mall_product left join mall_class on mall_product.class_id=mall_class.class_id  where partent_id=106 and mall_product.status=1  order by partent_id,sell desc limit 0,5  [ RunTime:0.0040s ]
SQL: select  * from mall_product left join mall_class on mall_product.class_id=mall_class.class_id  where partent_id=107 and mall_product.status=1  order by partent_id,sell desc limit 0,5  [ RunTime:0.0040s ]
SQL: select  * from mall_product left join mall_class on mall_product.class_id=mall_class.class_id  where partent_id=108 and mall_product.status=1  order by partent_id,sell desc limit 0,5  [ RunTime:0.0050s ]
SQL: select  * from mall_product left join mall_class on mall_product.class_id=mall_class.class_id  where partent_id=109 and mall_product.status=1  order by partent_id,sell desc limit 0,5  [ RunTime:0.0040s ]
SQL: select  * from mall_product left join mall_class on mall_product.class_id=mall_class.class_id  where partent_id=110 and mall_product.status=1  order by partent_id,sell desc limit 0,5  [ RunTime:0.0040s ]
SQL: select  * from mall_product left join mall_class on mall_product.class_id=mall_class.class_id  where partent_id=44 and mall_product.status=1  order by partent_id,sell desc limit 0,5  [ RunTime:0.0010s ]
SQL: select  * from mall_product left join mall_class on mall_product.class_id=mall_class.class_id  where partent_id=99 and mall_product.status=1  order by partent_id,sell desc limit 0,5  [ RunTime:0.0040s ]
SQL: select  * from mall_product left join mall_class on mall_product.class_id=mall_class.class_id  where partent_id=100 and mall_product.status=1  order by partent_id,sell desc limit 0,5  [ RunTime:0.0040s ]
SQL: select  * from mall_product left join mall_class on mall_product.class_id=mall_class.class_id  where partent_id=101 and mall_product.status=1  order by partent_id,sell desc limit 0,5  [ RunTime:0.0040s ]
SQL: select  * from mall_product left join mall_class on mall_product.class_id=mall_class.class_id  where partent_id=102 and mall_product.status=1  order by partent_id,sell desc limit 0,5  [ RunTime:0.0040s ]
SQL: select  * from mall_product left join mall_class on mall_product.class_id=mall_class.class_id  where partent_id=103 and mall_product.status=1  order by partent_id,sell desc limit 0,5  [ RunTime:0.0040s ]
SQL: select  * from mall_product left join mall_class on mall_product.class_id=mall_class.class_id  where partent_id=104 and mall_product.status=1  order by partent_id,sell desc limit 0,5  [ RunTime:0.0050s ]
SQL: select  * from mall_product left join mall_class on mall_product.class_id=mall_class.class_id  where partent_id=45 and mall_product.status=1  order by partent_id,sell desc limit 0,5  [ RunTime:0.0030s ]
SQL: select  * from mall_product left join mall_class on mall_product.class_id=mall_class.class_id  where partent_id=92 and mall_product.status=1  order by partent_id,sell desc limit 0,5  [ RunTime:0.0040s ]
SQL: select  * from mall_product left join mall_class on mall_product.class_id=mall_class.class_id  where partent_id=93 and mall_product.status=1  order by partent_id,sell desc limit 0,5  [ RunTime:0.0040s ]
SQL: select  * from mall_product left join mall_class on mall_product.class_id=mall_class.class_id  where partent_id=94 and mall_product.status=1  order by partent_id,sell desc limit 0,5  [ RunTime:0.0040s ]
SQL: select  * from mall_product left join mall_class on mall_product.class_id=mall_class.class_id  where partent_id=95 and mall_product.status=1  order by partent_id,sell desc limit 0,5  [ RunTime:0.0040s ]
SQL: select  * from mall_product left join mall_class on mall_product.class_id=mall_class.class_id  where partent_id=96 and mall_product.status=1  order by partent_id,sell desc limit 0,5  [ RunTime:0.0040s ]
SQL: select  * from mall_product left join mall_class on mall_product.class_id=mall_class.class_id  where partent_id=97 and mall_product.status=1  order by partent_id,sell desc limit 0,5  [ RunTime:0.0040s ]
SQL: select  * from mall_product left join mall_class on mall_product.class_id=mall_class.class_id  where partent_id=98 and mall_product.status=1  order by partent_id,sell desc limit 0,5  [ RunTime:0.0040s ]
SQL: select  * from mall_product left join mall_class on mall_product.class_id=mall_class.class_id  where partent_id=46 and mall_product.status=1  order by partent_id,sell desc limit 0,5  [ RunTime:0.0030s ]
SQL: select  * from mall_product left join mall_class on mall_product.class_id=mall_class.class_id  where partent_id=85 and mall_product.status=1  order by partent_id,sell desc limit 0,5  [ RunTime:0.0050s ]
SQL: select  * from mall_product left join mall_class on mall_product.class_id=mall_class.class_id  where partent_id=86 and mall_product.status=1  order by partent_id,sell desc limit 0,5  [ RunTime:0.0040s ]
SQL: select  * from mall_product left join mall_class on mall_product.class_id=mall_class.class_id  where partent_id=87 and mall_product.status=1  order by partent_id,sell desc limit 0,5  [ RunTime:0.0040s ]
SQL: select  * from mall_product left join mall_class on mall_product.class_id=mall_class.class_id  where partent_id=88 and mall_product.status=1  order by partent_id,sell desc limit 0,5  [ RunTime:0.0050s ]
SQL: select  * from mall_product left join mall_class on mall_product.class_id=mall_class.class_id  where partent_id=89 and mall_product.status=1  order by partent_id,sell desc limit 0,5  [ RunTime:0.0040s ]
SQL: select  * from mall_product left join mall_class on mall_product.class_id=mall_class.class_id  where partent_id=90 and mall_product.status=1  order by partent_id,sell desc limit 0,5  [ RunTime:0.0040s ]
SQL: select  * from mall_product left join mall_class on mall_product.class_id=mall_class.class_id  where partent_id=91 and mall_product.status=1  order by partent_id,sell desc limit 0,5  [ RunTime:0.0040s ]
SQL: select  * from mall_product left join mall_class on mall_product.class_id=mall_class.class_id  where partent_id=47 and mall_product.status=1  order by partent_id,sell desc limit 0,5  [ RunTime:0.0010s ]
SQL: select  * from mall_product left join mall_class on mall_product.class_id=mall_class.class_id  where partent_id=52 and mall_product.status=1  order by partent_id,sell desc limit 0,5  [ RunTime:0.0040s ]
SQL: select  * from mall_product left join mall_class on mall_product.class_id=mall_class.class_id  where partent_id=76 and mall_product.status=1  order by partent_id,sell desc limit 0,5  [ RunTime:0.0040s ]
SQL: select  * from mall_product left join mall_class on mall_product.class_id=mall_class.class_id  where partent_id=77 and mall_product.status=1  order by partent_id,sell desc limit 0,5  [ RunTime:0.0040s ]
SQL: select  * from mall_product left join mall_class on mall_product.class_id=mall_class.class_id  where partent_id=78 and mall_product.status=1  order by partent_id,sell desc limit 0,5  [ RunTime:0.0040s ]
SQL: select  * from mall_product left join mall_class on mall_product.class_id=mall_class.class_id  where partent_id=79 and mall_product.status=1  order by partent_id,sell desc limit 0,5  [ RunTime:0.0040s ]
SQL: select  * from mall_product left join mall_class on mall_product.class_id=mall_class.class_id  where partent_id=80 and mall_product.status=1  order by partent_id,sell desc limit 0,5  [ RunTime:0.0050s ]
SQL: select  * from mall_product left join mall_class on mall_product.class_id=mall_class.class_id  where partent_id=81 and mall_product.status=1  order by partent_id,sell desc limit 0,5  [ RunTime:0.0050s ]
SQL: select  * from mall_product left join mall_class on mall_product.class_id=mall_class.class_id  where partent_id=82 and mall_product.status=1  order by partent_id,sell desc limit 0,5  [ RunTime:0.0040s ]
SQL: select  * from mall_product left join mall_class on mall_product.class_id=mall_class.class_id  where partent_id=48 and mall_product.status=1  order by partent_id,sell desc limit 0,5  [ RunTime:0.0010s ]
SQL: select  * from mall_product left join mall_class on mall_product.class_id=mall_class.class_id  where partent_id=60 and mall_product.status=1  order by partent_id,sell desc limit 0,5  [ RunTime:0.0040s ]
SQL: select  * from mall_product left join mall_class on mall_product.class_id=mall_class.class_id  where partent_id=61 and mall_product.status=1  order by partent_id,sell desc limit 0,5  [ RunTime:0.0040s ]
SQL: select  * from mall_product left join mall_class on mall_product.class_id=mall_class.class_id  where partent_id=62 and mall_product.status=1  order by partent_id,sell desc limit 0,5  [ RunTime:0.0040s ]
SQL: select  * from mall_product left join mall_class on mall_product.class_id=mall_class.class_id  where partent_id=63 and mall_product.status=1  order by partent_id,sell desc limit 0,5  [ RunTime:0.0040s ]
SQL: select  * from mall_product left join mall_class on mall_product.class_id=mall_class.class_id  where partent_id=64 and mall_product.status=1  order by partent_id,sell desc limit 0,5  [ RunTime:0.0040s ]
SQL: select  * from mall_product left join mall_class on mall_product.class_id=mall_class.class_id  where partent_id=65 and mall_product.status=1  order by partent_id,sell desc limit 0,5  [ RunTime:0.0040s ]
SQL: select  * from mall_product left join mall_class on mall_product.class_id=mall_class.class_id  where partent_id=66 and mall_product.status=1  order by partent_id,sell desc limit 0,5  [ RunTime:0.0040s ]
SQL: select  * from mall_product left join mall_class on mall_product.class_id=mall_class.class_id  where partent_id=67 and mall_product.status=1  order by partent_id,sell desc limit 0,5  [ RunTime:0.0050s ]
SQL: select  * from mall_product left join mall_class on mall_product.class_id=mall_class.class_id  where partent_id=49 and mall_product.status=1  order by partent_id,sell desc limit 0,5  [ RunTime:0.0020s ]
SQL: select  * from mall_product left join mall_class on mall_product.class_id=mall_class.class_id  where partent_id=124 and mall_product.status=1  order by partent_id,sell desc limit 0,5  [ RunTime:0.0040s ]
SQL: select  * from mall_product left join mall_class on mall_product.class_id=mall_class.class_id  where partent_id=125 and mall_product.status=1  order by partent_id,sell desc limit 0,5  [ RunTime:0.0040s ]
SQL: SHOW COLUMNS FROM `mall_cart` [ RunTime:0.0030s ]
SQL: SELECT COUNT(*) AS tp_count FROM `mall_cart` WHERE `user_id` = null LIMIT 1   [ RunTime:0.0000s ]
INFO: [ view_parse ] --START--
INFO: [ template_filter ] --START--
INFO: Run Behavior\ContentReplaceBehavior [ RunTime:0.000000s ]
INFO: [ template_filter ] --END-- [ RunTime:0.000000s ]
INFO: Run Behavior\ParseTemplateBehavior [ RunTime:0.071004s ]
INFO: [ view_parse ] --END-- [ RunTime:0.071004s ]
INFO: [ view_filter ] --START--
INFO: Run Behavior\WriteHtmlCacheBehavior [ RunTime:0.002000s ]
INFO: [ view_filter ] --END-- [ RunTime:0.002000s ]
INFO: [ app_end ] --START--
INFO: Run Behavior\ShowPageTraceBehavior [ RunTime:0.001000s ]
INFO: [ app_end ] --END-- [ RunTime:0.002000s ]

[ 2017-12-27T18:56:57+08:00 ] 127.0.0.1 /index.php
INFO: [ app_init ] --START--
INFO: Run Behavior\BuildLiteBehavior [ RunTime:0.000000s ]
INFO: [ app_init ] --END-- [ RunTime:0.001000s ]
INFO: [ app_begin ] --START--
INFO: Run Behavior\ReadHtmlCacheBehavior [ RunTime:0.001000s ]
INFO: [ app_begin ] --END-- [ RunTime:0.001000s ]
SQL: SHOW COLUMNS FROM `mall_class` [ RunTime:0.0010s ]
SQL: SELECT * FROM `mall_class` WHERE `status` = 1 AND `partent_id` = 0 ORDER BY listorder desc,class_id   [ RunTime:0.0010s ]
SQL: SELECT * FROM `mall_class` WHERE `status` = 1  [ RunTime:0.0000s ]
SQL: select  * from mall_product left join mall_class on mall_product.class_id=mall_class.class_id  where partent_id=68 and mall_product.status=1  order by partent_id,sell desc limit 0,5  [ RunTime:0.0490s ]
SQL: select  * from mall_product left join mall_class on mall_product.class_id=mall_class.class_id  where partent_id=69 and mall_product.status=1  order by partent_id,sell desc limit 0,5  [ RunTime:0.0120s ]
SQL: select  * from mall_product left join mall_class on mall_product.class_id=mall_class.class_id  where partent_id=70 and mall_product.status=1  order by partent_id,sell desc limit 0,5  [ RunTime:0.0130s ]
SQL: select  * from mall_product left join mall_class on mall_product.class_id=mall_class.class_id  where partent_id=71 and mall_product.status=1  order by partent_id,sell desc limit 0,5  [ RunTime:0.0060s ]
SQL: select  * from mall_product left join mall_class on mall_product.class_id=mall_class.class_id  where partent_id=72 and mall_product.status=1  order by partent_id,sell desc limit 0,5  [ RunTime:0.0060s ]
SQL: select  * from mall_product left join mall_class on mall_product.class_id=mall_class.class_id  where partent_id=73 and mall_product.status=1  order by partent_id,sell desc limit 0,5  [ RunTime:0.0070s ]
SQL: select  * from mall_product left join mall_class on mall_product.class_id=mall_class.class_id  where partent_id=74 and mall_product.status=1  order by partent_id,sell desc limit 0,5  [ RunTime:0.0060s ]
SQL: select  * from mall_product left join mall_class on mall_product.class_id=mall_class.class_id  where partent_id=75 and mall_product.status=1  order by partent_id,sell desc limit 0,5  [ RunTime:0.0060s ]
SQL: select  * from mall_product left join mall_class on mall_product.class_id=mall_class.class_id  where partent_id=40 and mall_product.status=1  order by partent_id,sell desc limit 0,5  [ RunTime:0.0020s ]
SQL: select  * from mall_product left join mall_class on mall_product.class_id=mall_class.class_id  where partent_id=50 and mall_product.status=1  order by partent_id,sell desc limit 0,5  [ RunTime:0.0070s ]
SQL: select  * from mall_product left join mall_class on mall_product.class_id=mall_class.class_id  where partent_id=51 and mall_product.status=1  order by partent_id,sell desc limit 0,5  [ RunTime:0.0060s ]
SQL: select  * from mall_product left join mall_class on mall_product.class_id=mall_class.class_id  where partent_id=54 and mall_product.status=1  order by partent_id,sell desc limit 0,5  [ RunTime:0.0060s ]
SQL: select  * from mall_product left join mall_class on mall_product.class_id=mall_class.class_id  where partent_id=55 and mall_product.status=1  order by partent_id,sell desc limit 0,5  [ RunTime:0.0070s ]
SQL: select  * from mall_product left join mall_class on mall_product.class_id=mall_class.class_id  where partent_id=56 and mall_product.status=1  order by partent_id,sell desc limit 0,5  [ RunTime:0.0040s ]
SQL: select  * from mall_product left join mall_class on mall_product.class_id=mall_class.class_id  where partent_id=57 and mall_product.status=1  order by partent_id,sell desc limit 0,5  [ RunTime:0.0040s ]
SQL: select  * from mall_product left join mall_class on mall_product.class_id=mall_class.class_id  where partent_id=58 and mall_product.status=1  order by partent_id,sell desc limit 0,5  [ RunTime:0.0040s ]
SQL: select  * from mall_product left join mall_class on mall_product.class_id=mall_class.class_id  where partent_id=59 and mall_product.status=1  order by partent_id,sell desc limit 0,5  [ RunTime:0.0050s ]
SQL: select  * from mall_product left join mall_class on mall_product.class_id=mall_class.class_id  where partent_id=41 and mall_product.status=1  order by partent_id,sell desc limit 0,5  [ RunTime:0.0010s ]
SQL: select  * from mall_product left join mall_class on mall_product.class_id=mall_class.class_id  where partent_id=111 and mall_product.status=1  order by partent_id,sell desc limit 0,5  [ RunTime:0.0040s ]
SQL: select  * from mall_product left join mall_class on mall_product.class_id=mall_class.class_id  where partent_id=112 and mall_product.status=1  order by partent_id,sell desc limit 0,5  [ RunTime:0.0050s ]
SQL: select  * from mall_product left join mall_class on mall_product.class_id=mall_class.class_id  where partent_id=113 and mall_product.status=1  order by partent_id,sell desc limit 0,5  [ RunTime:0.0050s ]
SQL: select  * from mall_product left join mall_class on mall_product.class_id=mall_class.class_id  where partent_id=114 and mall_product.status=1  order by partent_id,sell desc limit 0,5  [ RunTime:0.0040s ]
SQL: select  * from mall_product left join mall_class on mall_product.class_id=mall_class.class_id  where partent_id=115 and mall_product.status=1  order by partent_id,sell desc limit 0,5  [ RunTime:0.0040s ]
SQL: select  * from mall_product left join mall_class on mall_product.class_id=mall_class.class_id  where partent_id=116 and mall_product.status=1  order by partent_id,sell desc limit 0,5  [ RunTime:0.0040s ]
SQL: select  * from mall_product left join mall_class on mall_product.class_id=mall_class.class_id  where partent_id=117 and mall_product.status=1  order by partent_id,sell desc limit 0,5  [ RunTime:0.0040s ]
SQL: select  * from mall_product left join mall_class on mall_product.class_id=mall_class.class_id  where partent_id=42 and mall_product.status=1  order by partent_id,sell desc limit 0,5  [ RunTime:0.0020s ]
SQL: select  * from mall_product left join mall_class on mall_product.class_id=mall_class.class_id  where partent_id=118 and mall_product.status=1  order by partent_id,sell desc limit 0,5  [ RunTime:0.0040s ]
SQL: select  * from mall_product left join mall_class on mall_product.class_id=mall_class.class_id  where partent_id=119 and mall_product.status=1  order by partent_id,sell desc limit 0,5  [ RunTime:0.0040s ]
SQL: select  * from mall_product left join mall_class on mall_product.class_id=mall_class.class_id  where partent_id=120 and mall_product.status=1  order by partent_id,sell desc limit 0,5  [ RunTime:0.0040s ]
SQL: select  * from mall_product left join mall_class on mall_product.class_id=mall_class.class_id  where partent_id=121 and mall_product.status=1  order by partent_id,sell desc limit 0,5  [ RunTime:0.0040s ]
SQL: select  * from mall_product left join mall_class on mall_product.class_id=mall_class.class_id  where partent_id=122 and mall_product.status=1  order by partent_id,sell desc limit 0,5  [ RunTime:0.0040s ]
SQL: select  * from mall_product left join mall_class on mall_product.class_id=mall_class.class_id  where partent_id=123 and mall_product.status=1  order by partent_id,sell desc limit 0,5  [ RunTime:0.0040s ]
SQL: select  * from mall_product left join mall_class on mall_product.class_id=mall_class.class_id  where partent_id=43 and mall_product.status=1  order by partent_id,sell desc limit 0,5  [ RunTime:0.0030s ]
SQL: select  * from mall_product left join mall_class on mall_product.class_id=mall_class.class_id  where partent_id=105 and mall_product.status=1  order by partent_id,sell desc limit 0,5  [ RunTime:0.0040s ]
SQL: select  * from mall_product left join mall_class on mall_product.class_id=mall_class.class_id  where partent_id=106 and mall_product.status=1  order by partent_id,sell desc limit 0,5  [ RunTime:0.0040s ]
SQL: select  * from mall_product left join mall_class on mall_product.class_id=mall_class.class_id  where partent_id=107 and mall_product.status=1  order by partent_id,sell desc limit 0,5  [ RunTime:0.0040s ]
SQL: select  * from mall_product left join mall_class on mall_product.class_id=mall_class.class_id  where partent_id=108 and mall_product.status=1  order by partent_id,sell desc limit 0,5  [ RunTime:0.0040s ]
SQL: select  * from mall_product left join mall_class on mall_product.class_id=mall_class.class_id  where partent_id=109 and mall_product.status=1  order by partent_id,sell desc limit 0,5  [ RunTime:0.0050s ]
SQL: select  * from mall_product left join mall_class on mall_product.class_id=mall_class.class_id  where partent_id=110 and mall_product.status=1  order by partent_id,sell desc limit 0,5  [ RunTime:0.0040s ]
SQL: select  * from mall_product left join mall_class on mall_product.class_id=mall_class.class_id  where partent_id=44 and mall_product.status=1  order by partent_id,sell desc limit 0,5  [ RunTime:0.0010s ]
SQL: select  * from mall_product left join mall_class on mall_product.class_id=mall_class.class_id  where partent_id=99 and mall_product.status=1  order by partent_id,sell desc limit 0,5  [ RunTime:0.0040s ]
SQL: select  * from mall_product left join mall_class on mall_product.class_id=mall_class.class_id  where partent_id=100 and mall_product.status=1  order by partent_id,sell desc limit 0,5  [ RunTime:0.0040s ]
SQL: select  * from mall_product left join mall_class on mall_product.class_id=mall_class.class_id  where partent_id=101 and mall_product.status=1  order by partent_id,sell desc limit 0,5  [ RunTime:0.0050s ]
SQL: select  * from mall_product left join mall_class on mall_product.class_id=mall_class.class_id  where partent_id=102 and mall_product.status=1  order by partent_id,sell desc limit 0,5  [ RunTime:0.0040s ]
SQL: select  * from mall_product left join mall_class on mall_product.class_id=mall_class.class_id  where partent_id=103 and mall_product.status=1  order by partent_id,sell desc limit 0,5  [ RunTime:0.0040s ]
SQL: select  * from mall_product left join mall_class on mall_product.class_id=mall_class.class_id  where partent_id=104 and mall_product.status=1  order by partent_id,sell desc limit 0,5  [ RunTime:0.0040s ]
SQL: select  * from mall_product left join mall_class on mall_product.class_id=mall_class.class_id  where partent_id=45 and mall_product.status=1  order by partent_id,sell desc limit 0,5  [ RunTime:0.0030s ]
SQL: select  * from mall_product left join mall_class on mall_product.class_id=mall_class.class_id  where partent_id=92 and mall_product.status=1  order by partent_id,sell desc limit 0,5  [ RunTime:0.0040s ]
SQL: select  * from mall_product left join mall_class on mall_product.class_id=mall_class.class_id  where partent_id=93 and mall_product.status=1  order by partent_id,sell desc limit 0,5  [ RunTime:0.0050s ]
SQL: select  * from mall_product left join mall_class on mall_product.class_id=mall_class.class_id  where partent_id=94 and mall_product.status=1  order by partent_id,sell desc limit 0,5  [ RunTime:0.0040s ]
SQL: select  * from mall_product left join mall_class on mall_product.class_id=mall_class.class_id  where partent_id=95 and mall_product.status=1  order by partent_id,sell desc limit 0,5  [ RunTime:0.0040s ]
SQL: select  * from mall_product left join mall_class on mall_product.class_id=mall_class.class_id  where partent_id=96 and mall_product.status=1  order by partent_id,sell desc limit 0,5  [ RunTime:0.0040s ]
SQL: select  * from mall_product left join mall_class on mall_product.class_id=mall_class.class_id  where partent_id=97 and mall_product.status=1  order by partent_id,sell desc limit 0,5  [ RunTime:0.0050s ]
SQL: select  * from mall_product left join mall_class on mall_product.class_id=mall_class.class_id  where partent_id=98 and mall_product.status=1  order by partent_id,sell desc limit 0,5  [ RunTime:0.0040s ]
SQL: select  * from mall_product left join mall_class on mall_product.class_id=mall_class.class_id  where partent_id=46 and mall_product.status=1  order by partent_id,sell desc limit 0,5  [ RunTime:0.0030s ]
SQL: select  * from mall_product left join mall_class on mall_product.class_id=mall_class.class_id  where partent_id=85 and mall_product.status=1  order by partent_id,sell desc limit 0,5  [ RunTime:0.0040s ]
SQL: select  * from mall_product left join mall_class on mall_product.class_id=mall_class.class_id  where partent_id=86 and mall_product.status=1  order by partent_id,sell desc limit 0,5  [ RunTime:0.0040s ]
SQL: select  * from mall_product left join mall_class on mall_product.class_id=mall_class.class_id  where partent_id=87 and mall_product.status=1  order by partent_id,sell desc limit 0,5  [ RunTime:0.0040s ]
SQL: select  * from mall_product left join mall_class on mall_product.class_id=mall_class.class_id  where partent_id=88 and mall_product.status=1  order by partent_id,sell desc limit 0,5  [ RunTime:0.0040s ]
SQL: select  * from mall_product left join mall_class on mall_product.class_id=mall_class.class_id  where partent_id=89 and mall_product.status=1  order by partent_id,sell desc limit 0,5  [ RunTime:0.0040s ]
SQL: select  * from mall_product left join mall_class on mall_product.class_id=mall_class.class_id  where partent_id=90 and mall_product.status=1  order by partent_id,sell desc limit 0,5  [ RunTime:0.0040s ]
SQL: select  * from mall_product left join mall_class on mall_product.class_id=mall_class.class_id  where partent_id=91 and mall_product.status=1  order by partent_id,sell desc limit 0,5  [ RunTime:0.0050s ]
SQL: select  * from mall_product left join mall_class on mall_product.class_id=mall_class.class_id  where partent_id=47 and mall_product.status=1  order by partent_id,sell desc limit 0,5  [ RunTime:0.0010s ]
SQL: select  * from mall_product left join mall_class on mall_product.class_id=mall_class.class_id  where partent_id=52 and mall_product.status=1  order by partent_id,sell desc limit 0,5  [ RunTime:0.0050s ]
SQL: select  * from mall_product left join mall_class on mall_product.class_id=mall_class.class_id  where partent_id=76 and mall_product.status=1  order by partent_id,sell desc limit 0,5  [ RunTime:0.0040s ]
SQL: select  * from mall_product left join mall_class on mall_product.class_id=mall_class.class_id  where partent_id=77 and mall_product.status=1  order by partent_id,sell desc limit 0,5  [ RunTime:0.0040s ]
SQL: select  * from mall_product left join mall_class on mall_product.class_id=mall_class.class_id  where partent_id=78 and mall_product.status=1  order by partent_id,sell desc limit 0,5  [ RunTime:0.0050s ]
SQL: select  * from mall_product left join mall_class on mall_product.class_id=mall_class.class_id  where partent_id=79 and mall_product.status=1  order by partent_id,sell desc limit 0,5  [ RunTime:0.0040s ]
SQL: select  * from mall_product left join mall_class on mall_product.class_id=mall_class.class_id  where partent_id=80 and mall_product.status=1  order by partent_id,sell desc limit 0,5  [ RunTime:0.0040s ]
SQL: select  * from mall_product left join mall_class on mall_product.class_id=mall_class.class_id  where partent_id=81 and mall_product.status=1  order by partent_id,sell desc limit 0,5  [ RunTime:0.0040s ]
SQL: select  * from mall_product left join mall_class on mall_product.class_id=mall_class.class_id  where partent_id=82 and mall_product.status=1  order by partent_id,sell desc limit 0,5  [ RunTime:0.0040s ]
SQL: select  * from mall_product left join mall_class on mall_product.class_id=mall_class.class_id  where partent_id=48 and mall_product.status=1  order by partent_id,sell desc limit 0,5  [ RunTime:0.0010s ]
SQL: select  * from mall_product left join mall_class on mall_product.class_id=mall_class.class_id  where partent_id=60 and mall_product.status=1  order by partent_id,sell desc limit 0,5  [ RunTime:0.0040s ]
SQL: select  * from mall_product left join mall_class on mall_product.class_id=mall_class.class_id  where partent_id=61 and mall_product.status=1  order by partent_id,sell desc limit 0,5  [ RunTime:0.0040s ]
SQL: select  * from mall_product left join mall_class on mall_product.class_id=mall_class.class_id  where partent_id=62 and mall_product.status=1  order by partent_id,sell desc limit 0,5  [ RunTime:0.0040s ]
SQL: select  * from mall_product left join mall_class on mall_product.class_id=mall_class.class_id  where partent_id=63 and mall_product.status=1  order by partent_id,sell desc limit 0,5  [ RunTime:0.0040s ]
SQL: select  * from mall_product left join mall_class on mall_product.class_id=mall_class.class_id  where partent_id=64 and mall_product.status=1  order by partent_id,sell desc limit 0,5  [ RunTime:0.0050s ]
SQL: select  * from mall_product left join mall_class on mall_product.class_id=mall_class.class_id  where partent_id=65 and mall_product.status=1  order by partent_id,sell desc limit 0,5  [ RunTime:0.0040s ]
SQL: select  * from mall_product left join mall_class on mall_product.class_id=mall_class.class_id  where partent_id=66 and mall_product.status=1  order by partent_id,sell desc limit 0,5  [ RunTime:0.0050s ]
SQL: select  * from mall_product left join mall_class on mall_product.class_id=mall_class.class_id  where partent_id=67 and mall_product.status=1  order by partent_id,sell desc limit 0,5  [ RunTime:0.0040s ]
SQL: select  * from mall_product left join mall_class on mall_product.class_id=mall_class.class_id  where partent_id=49 and mall_product.status=1  order by partent_id,sell desc limit 0,5  [ RunTime:0.0020s ]
SQL: select  * from mall_product left join mall_class on mall_product.class_id=mall_class.class_id  where partent_id=124 and mall_product.status=1  order by partent_id,sell desc limit 0,5  [ RunTime:0.0040s ]
SQL: select  * from mall_product left join mall_class on mall_product.class_id=mall_class.class_id  where partent_id=125 and mall_product.status=1  order by partent_id,sell desc limit 0,5  [ RunTime:0.0040s ]
SQL: SHOW COLUMNS FROM `mall_cart` [ RunTime:0.0020s ]
SQL: SELECT COUNT(*) AS tp_count FROM `mall_cart` WHERE `user_id` = null LIMIT 1   [ RunTime:0.0000s ]
INFO: [ view_parse ] --START--
INFO: [ template_filter ] --START--
INFO: Run Behavior\ContentReplaceBehavior [ RunTime:0.001000s ]
INFO: [ template_filter ] --END-- [ RunTime:0.001000s ]
INFO: Run Behavior\ParseTemplateBehavior [ RunTime:0.107006s ]
INFO: [ view_parse ] --END-- [ RunTime:0.108006s ]
INFO: [ view_filter ] --START--
INFO: Run Behavior\WriteHtmlCacheBehavior [ RunTime:0.001000s ]
INFO: [ view_filter ] --END-- [ RunTime:0.001000s ]
INFO: [ app_end ] --START--
INFO: Run Behavior\ShowPageTraceBehavior [ RunTime:0.002000s ]
INFO: [ app_end ] --END-- [ RunTime:0.002000s ]

[ 2017-12-27T18:57:10+08:00 ] 127.0.0.1 /index.php
INFO: [ app_init ] --START--
INFO: Run Behavior\BuildLiteBehavior [ RunTime:0.000000s ]
INFO: [ app_init ] --END-- [ RunTime:0.001000s ]
INFO: [ app_begin ] --START--
INFO: Run Behavior\ReadHtmlCacheBehavior [ RunTime:0.001000s ]
INFO: [ app_begin ] --END-- [ RunTime:0.001000s ]
SQL: SHOW COLUMNS FROM `mall_class` [ RunTime:0.0470s ]
SQL: SELECT * FROM `mall_class` WHERE `status` = 1 AND `partent_id` = 0 ORDER BY listorder desc,class_id   [ RunTime:0.0010s ]
SQL: SELECT * FROM `mall_class` WHERE `status` = 1  [ RunTime:0.0020s ]
SQL: select  * from mall_product left join mall_class on mall_product.class_id=mall_class.class_id  where partent_id=68 and mall_product.status=1  order by partent_id,sell desc limit 0,5  [ RunTime:0.0170s ]
SQL: select  * from mall_product left join mall_class on mall_product.class_id=mall_class.class_id  where partent_id=69 and mall_product.status=1  order by partent_id,sell desc limit 0,5  [ RunTime:0.0100s ]
SQL: select  * from mall_product left join mall_class on mall_product.class_id=mall_class.class_id  where partent_id=70 and mall_product.status=1  order by partent_id,sell desc limit 0,5  [ RunTime:0.0160s ]
SQL: select  * from mall_product left join mall_class on mall_product.class_id=mall_class.class_id  where partent_id=71 and mall_product.status=1  order by partent_id,sell desc limit 0,5  [ RunTime:0.0110s ]
SQL: select  * from mall_product left join mall_class on mall_product.class_id=mall_class.class_id  where partent_id=72 and mall_product.status=1  order by partent_id,sell desc limit 0,5  [ RunTime:0.0110s ]
SQL: select  * from mall_product left join mall_class on mall_product.class_id=mall_class.class_id  where partent_id=73 and mall_product.status=1  order by partent_id,sell desc limit 0,5  [ RunTime:0.0080s ]
SQL: select  * from mall_product left join mall_class on mall_product.class_id=mall_class.class_id  where partent_id=74 and mall_product.status=1  order by partent_id,sell desc limit 0,5  [ RunTime:0.0060s ]
SQL: select  * from mall_product left join mall_class on mall_product.class_id=mall_class.class_id  where partent_id=75 and mall_product.status=1  order by partent_id,sell desc limit 0,5  [ RunTime:0.0080s ]
SQL: select  * from mall_product left join mall_class on mall_product.class_id=mall_class.class_id  where partent_id=40 and mall_product.status=1  order by partent_id,sell desc limit 0,5  [ RunTime:0.0020s ]
SQL: select  * from mall_product left join mall_class on mall_product.class_id=mall_class.class_id  where partent_id=50 and mall_product.status=1  order by partent_id,sell desc limit 0,5  [ RunTime:0.0080s ]
SQL: select  * from mall_product left join mall_class on mall_product.class_id=mall_class.class_id  where partent_id=51 and mall_product.status=1  order by partent_id,sell desc limit 0,5  [ RunTime:0.0070s ]
SQL: select  * from mall_product left join mall_class on mall_product.class_id=mall_class.class_id  where partent_id=54 and mall_product.status=1  order by partent_id,sell desc limit 0,5  [ RunTime:0.0060s ]
SQL: select  * from mall_product left join mall_class on mall_product.class_id=mall_class.class_id  where partent_id=55 and mall_product.status=1  order by partent_id,sell desc limit 0,5  [ RunTime:0.0060s ]
SQL: select  * from mall_product left join mall_class on mall_product.class_id=mall_class.class_id  where partent_id=56 and mall_product.status=1  order by partent_id,sell desc limit 0,5  [ RunTime:0.0040s ]
SQL: select  * from mall_product left join mall_class on mall_product.class_id=mall_class.class_id  where partent_id=57 and mall_product.status=1  order by partent_id,sell desc limit 0,5  [ RunTime:0.0060s ]
SQL: select  * from mall_product left join mall_class on mall_product.class_id=mall_class.class_id  where partent_id=58 and mall_product.status=1  order by partent_id,sell desc limit 0,5  [ RunTime:0.0080s ]
SQL: select  * from mall_product left join mall_class on mall_product.class_id=mall_class.class_id  where partent_id=59 and mall_product.status=1  order by partent_id,sell desc limit 0,5  [ RunTime:0.0040s ]
SQL: select  * from mall_product left join mall_class on mall_product.class_id=mall_class.class_id  where partent_id=41 and mall_product.status=1  order by partent_id,sell desc limit 0,5  [ RunTime:0.0010s ]
SQL: select  * from mall_product left join mall_class on mall_product.class_id=mall_class.class_id  where partent_id=111 and mall_product.status=1  order by partent_id,sell desc limit 0,5  [ RunTime:0.0060s ]
SQL: select  * from mall_product left join mall_class on mall_product.class_id=mall_class.class_id  where partent_id=112 and mall_product.status=1  order by partent_id,sell desc limit 0,5  [ RunTime:0.0050s ]
SQL: select  * from mall_product left join mall_class on mall_product.class_id=mall_class.class_id  where partent_id=113 and mall_product.status=1  order by partent_id,sell desc limit 0,5  [ RunTime:0.0040s ]
SQL: select  * from mall_product left join mall_class on mall_product.class_id=mall_class.class_id  where partent_id=114 and mall_product.status=1  order by partent_id,sell desc limit 0,5  [ RunTime:0.0050s ]
SQL: select  * from mall_product left join mall_class on mall_product.class_id=mall_class.class_id  where partent_id=115 and mall_product.status=1  order by partent_id,sell desc limit 0,5  [ RunTime:0.0090s ]
SQL: select  * from mall_product left join mall_class on mall_product.class_id=mall_class.class_id  where partent_id=116 and mall_product.status=1  order by partent_id,sell desc limit 0,5  [ RunTime:0.0050s ]
SQL: select  * from mall_product left join mall_class on mall_product.class_id=mall_class.class_id  where partent_id=117 and mall_product.status=1  order by partent_id,sell desc limit 0,5  [ RunTime:0.0090s ]
SQL: select  * from mall_product left join mall_class on mall_product.class_id=mall_class.class_id  where partent_id=42 and mall_product.status=1  order by partent_id,sell desc limit 0,5  [ RunTime:0.0020s ]
SQL: select  * from mall_product left join mall_class on mall_product.class_id=mall_class.class_id  where partent_id=118 and mall_product.status=1  order by partent_id,sell desc limit 0,5  [ RunTime:0.0060s ]
SQL: select  * from mall_product left join mall_class on mall_product.class_id=mall_class.class_id  where partent_id=119 and mall_product.status=1  order by partent_id,sell desc limit 0,5  [ RunTime:0.0090s ]
SQL: select  * from mall_product left join mall_class on mall_product.class_id=mall_class.class_id  where partent_id=120 and mall_product.status=1  order by partent_id,sell desc limit 0,5  [ RunTime:0.0060s ]
SQL: select  * from mall_product left join mall_class on mall_product.class_id=mall_class.class_id  where partent_id=121 and mall_product.status=1  order by partent_id,sell desc limit 0,5  [ RunTime:0.0090s ]
SQL: select  * from mall_product left join mall_class on mall_product.class_id=mall_class.class_id  where partent_id=122 and mall_product.status=1  order by partent_id,sell desc limit 0,5  [ RunTime:0.0060s ]
SQL: select  * from mall_product left join mall_class on mall_product.class_id=mall_class.class_id  where partent_id=123 and mall_product.status=1  order by partent_id,sell desc limit 0,5  [ RunTime:0.0110s ]
SQL: select  * from mall_product left join mall_class on mall_product.class_id=mall_class.class_id  where partent_id=43 and mall_product.status=1  order by partent_id,sell desc limit 0,5  [ RunTime:0.0040s ]
SQL: select  * from mall_product left join mall_class on mall_product.class_id=mall_class.class_id  where partent_id=105 and mall_product.status=1  order by partent_id,sell desc limit 0,5  [ RunTime:0.0080s ]
SQL: select  * from mall_product left join mall_class on mall_product.class_id=mall_class.class_id  where partent_id=106 and mall_product.status=1  order by partent_id,sell desc limit 0,5  [ RunTime:0.0060s ]
SQL: select  * from mall_product left join mall_class on mall_product.class_id=mall_class.class_id  where partent_id=107 and mall_product.status=1  order by partent_id,sell desc limit 0,5  [ RunTime:0.0060s ]
SQL: select  * from mall_product left join mall_class on mall_product.class_id=mall_class.class_id  where partent_id=108 and mall_product.status=1  order by partent_id,sell desc limit 0,5  [ RunTime:0.0080s ]
SQL: select  * from mall_product left join mall_class on mall_product.class_id=mall_class.class_id  where partent_id=109 and mall_product.status=1  order by partent_id,sell desc limit 0,5  [ RunTime:0.0050s ]
SQL: select  * from mall_product left join mall_class on mall_product.class_id=mall_class.class_id  where partent_id=110 and mall_product.status=1  order by partent_id,sell desc limit 0,5  [ RunTime:0.0090s ]
SQL: select  * from mall_product left join mall_class on mall_product.class_id=mall_class.class_id  where partent_id=44 and mall_product.status=1  order by partent_id,sell desc limit 0,5  [ RunTime:0.0020s ]
SQL: select  * from mall_product left join mall_class on mall_product.class_id=mall_class.class_id  where partent_id=99 and mall_product.status=1  order by partent_id,sell desc limit 0,5  [ RunTime:0.0070s ]
SQL: select  * from mall_product left join mall_class on mall_product.class_id=mall_class.class_id  where partent_id=100 and mall_product.status=1  order by partent_id,sell desc limit 0,5  [ RunTime:0.0100s ]
SQL: select  * from mall_product left join mall_class on mall_product.class_id=mall_class.class_id  where partent_id=101 and mall_product.status=1  order by partent_id,sell desc limit 0,5  [ RunTime:0.0060s ]
SQL: select  * from mall_product left join mall_class on mall_product.class_id=mall_class.class_id  where partent_id=102 and mall_product.status=1  order by partent_id,sell desc limit 0,5  [ RunTime:0.0090s ]
SQL: select  * from mall_product left join mall_class on mall_product.class_id=mall_class.class_id  where partent_id=103 and mall_product.status=1  order by partent_id,sell desc limit 0,5  [ RunTime:0.0060s ]
SQL: select  * from mall_product left join mall_class on mall_product.class_id=mall_class.class_id  where partent_id=104 and mall_product.status=1  order by partent_id,sell desc limit 0,5  [ RunTime:0.0100s ]
SQL: select  * from mall_product left join mall_class on mall_product.class_id=mall_class.class_id  where partent_id=45 and mall_product.status=1  order by partent_id,sell desc limit 0,5  [ RunTime:0.0050s ]
SQL: select  * from mall_product left join mall_class on mall_product.class_id=mall_class.class_id  where partent_id=92 and mall_product.status=1  order by partent_id,sell desc limit 0,5  [ RunTime:0.0080s ]
SQL: select  * from mall_product left join mall_class on mall_product.class_id=mall_class.class_id  where partent_id=93 and mall_product.status=1  order by partent_id,sell desc limit 0,5  [ RunTime:0.0100s ]
SQL: select  * from mall_product left join mall_class on mall_product.class_id=mall_class.class_id  where partent_id=94 and mall_product.status=1  order by partent_id,sell desc limit 0,5  [ RunTime:0.0050s ]
SQL: select  * from mall_product left join mall_class on mall_product.class_id=mall_class.class_id  where partent_id=95 and mall_product.status=1  order by partent_id,sell desc limit 0,5  [ RunTime:0.0070s ]
SQL: select  * from mall_product left join mall_class on mall_product.class_id=mall_class.class_id  where partent_id=96 and mall_product.status=1  order by partent_id,sell desc limit 0,5  [ RunTime:0.0060s ]
SQL: select  * from mall_product left join mall_class on mall_product.class_id=mall_class.class_id  where partent_id=97 and mall_product.status=1  order by partent_id,sell desc limit 0,5  [ RunTime:0.0090s ]
SQL: select  * from mall_product left join mall_class on mall_product.class_id=mall_class.class_id  where partent_id=98 and mall_product.status=1  order by partent_id,sell desc limit 0,5  [ RunTime:0.0050s ]
SQL: select  * from mall_product left join mall_class on mall_product.class_id=mall_class.class_id  where partent_id=46 and mall_product.status=1  order by partent_id,sell desc limit 0,5  [ RunTime:0.0030s ]
SQL: select  * from mall_product left join mall_class on mall_product.class_id=mall_class.class_id  where partent_id=85 and mall_product.status=1  order by partent_id,sell desc limit 0,5  [ RunTime:0.0050s ]
SQL: select  * from mall_product left join mall_class on mall_product.class_id=mall_class.class_id  where partent_id=86 and mall_product.status=1  order by partent_id,sell desc limit 0,5  [ RunTime:0.0040s ]
SQL: select  * from mall_product left join mall_class on mall_product.class_id=mall_class.class_id  where partent_id=87 and mall_product.status=1  order by partent_id,sell desc limit 0,5  [ RunTime:0.0050s ]
SQL: select  * from mall_product left join mall_class on mall_product.class_id=mall_class.class_id  where partent_id=88 and mall_product.status=1  order by partent_id,sell desc limit 0,5  [ RunTime:0.0070s ]
SQL: select  * from mall_product left join mall_class on mall_product.class_id=mall_class.class_id  where partent_id=89 and mall_product.status=1  order by partent_id,sell desc limit 0,5  [ RunTime:0.0060s ]
SQL: select  * from mall_product left join mall_class on mall_product.class_id=mall_class.class_id  where partent_id=90 and mall_product.status=1  order by partent_id,sell desc limit 0,5  [ RunTime:0.0090s ]
SQL: select  * from mall_product left join mall_class on mall_product.class_id=mall_class.class_id  where partent_id=91 and mall_product.status=1  order by partent_id,sell desc limit 0,5  [ RunTime:0.0050s ]
SQL: select  * from mall_product left join mall_class on mall_product.class_id=mall_class.class_id  where partent_id=47 and mall_product.status=1  order by partent_id,sell desc limit 0,5  [ RunTime:0.0020s ]
SQL: select  * from mall_product left join mall_class on mall_product.class_id=mall_class.class_id  where partent_id=52 and mall_product.status=1  order by partent_id,sell desc limit 0,5  [ RunTime:0.0100s ]
SQL: select  * from mall_product left join mall_class on mall_product.class_id=mall_class.class_id  where partent_id=76 and mall_product.status=1  order by partent_id,sell desc limit 0,5  [ RunTime:0.0040s ]
SQL: select  * from mall_product left join mall_class on mall_product.class_id=mall_class.class_id  where partent_id=77 and mall_product.status=1  order by partent_id,sell desc limit 0,5  [ RunTime:0.0090s ]
SQL: select  * from mall_product left join mall_class on mall_product.class_id=mall_class.class_id  where partent_id=78 and mall_product.status=1  order by partent_id,sell desc limit 0,5  [ RunTime:0.0050s ]
SQL: select  * from mall_product left join mall_class on mall_product.class_id=mall_class.class_id  where partent_id=79 and mall_product.status=1  order by partent_id,sell desc limit 0,5  [ RunTime:0.0060s ]
SQL: select  * from mall_product left join mall_class on mall_product.class_id=mall_class.class_id  where partent_id=80 and mall_product.status=1  order by partent_id,sell desc limit 0,5  [ RunTime:0.0080s ]
SQL: select  * from mall_product left join mall_class on mall_product.class_id=mall_class.class_id  where partent_id=81 and mall_product.status=1  order by partent_id,sell desc limit 0,5  [ RunTime:0.0050s ]
SQL: select  * from mall_product left join mall_class on mall_product.class_id=mall_class.class_id  where partent_id=82 and mall_product.status=1  order by partent_id,sell desc limit 0,5  [ RunTime:0.0070s ]
SQL: select  * from mall_product left join mall_class on mall_product.class_id=mall_class.class_id  where partent_id=48 and mall_product.status=1  order by partent_id,sell desc limit 0,5  [ RunTime:0.0020s ]
SQL: select  * from mall_product left join mall_class on mall_product.class_id=mall_class.class_id  where partent_id=60 and mall_product.status=1  order by partent_id,sell desc limit 0,5  [ RunTime:0.0060s ]
SQL: select  * from mall_product left join mall_class on mall_product.class_id=mall_class.class_id  where partent_id=61 and mall_product.status=1  order by partent_id,sell desc limit 0,5  [ RunTime:0.0090s ]
SQL: select  * from mall_product left join mall_class on mall_product.class_id=mall_class.class_id  where partent_id=62 and mall_product.status=1  order by partent_id,sell desc limit 0,5  [ RunTime:0.0060s ]
SQL: select  * from mall_product left join mall_class on mall_product.class_id=mall_class.class_id  where partent_id=63 and mall_product.status=1  order by partent_id,sell desc limit 0,5  [ RunTime:0.0110s ]
SQL: select  * from mall_product left join mall_class on mall_product.class_id=mall_class.class_id  where partent_id=64 and mall_product.status=1  order by partent_id,sell desc limit 0,5  [ RunTime:0.0080s ]
SQL: select  * from mall_product left join mall_class on mall_product.class_id=mall_class.class_id  where partent_id=65 and mall_product.status=1  order by partent_id,sell desc limit 0,5  [ RunTime:0.0090s ]
SQL: select  * from mall_product left join mall_class on mall_product.class_id=mall_class.class_id  where partent_id=66 and mall_product.status=1  order by partent_id,sell desc limit 0,5  [ RunTime:0.0080s ]
SQL: select  * from mall_product left join mall_class on mall_product.class_id=mall_class.class_id  where partent_id=67 and mall_product.status=1  order by partent_id,sell desc limit 0,5  [ RunTime:0.0090s ]
SQL: select  * from mall_product left join mall_class on mall_product.class_id=mall_class.class_id  where partent_id=49 and mall_product.status=1  order by partent_id,sell desc limit 0,5  [ RunTime:0.0020s ]
SQL: select  * from mall_product left join mall_class on mall_product.class_id=mall_class.class_id  where partent_id=124 and mall_product.status=1  order by partent_id,sell desc limit 0,5  [ RunTime:0.0040s ]
SQL: select  * from mall_product left join mall_class on mall_product.class_id=mall_class.class_id  where partent_id=125 and mall_product.status=1  order by partent_id,sell desc limit 0,5  [ RunTime:0.0090s ]
SQL: SHOW COLUMNS FROM `mall_cart` [ RunTime:0.0040s ]
SQL: SELECT COUNT(*) AS tp_count FROM `mall_cart` WHERE `user_id` = null LIMIT 1   [ RunTime:0.0000s ]
INFO: [ view_parse ] --START--
INFO: [ template_filter ] --START--
INFO: Run Behavior\ContentReplaceBehavior [ RunTime:0.001000s ]
INFO: [ template_filter ] --END-- [ RunTime:0.001000s ]
INFO: Run Behavior\ParseTemplateBehavior [ RunTime:0.055003s ]
INFO: [ view_parse ] --END-- [ RunTime:0.055003s ]
INFO: [ view_filter ] --START--
INFO: Run Behavior\WriteHtmlCacheBehavior [ RunTime:0.001000s ]
INFO: [ view_filter ] --END-- [ RunTime:0.001000s ]
INFO: [ app_end ] --START--
INFO: Run Behavior\ShowPageTraceBehavior [ RunTime:0.002000s ]
INFO: [ app_end ] --END-- [ RunTime:0.002000s ]

