[ 2017-12-25T02:22:14+08:00 ] 127.0.0.1 /index.php/Home/Index/index
INFO: [ app_init ] --START--
INFO: Run Behavior\BuildLiteBehavior [ RunTime:0.000000s ]
INFO: [ app_init ] --END-- [ RunTime:0.020001s ]
INFO: [ app_begin ] --START--
INFO: Run Behavior\ReadHtmlCacheBehavior [ RunTime:0.031001s ]
INFO: [ app_begin ] --END-- [ RunTime:0.031001s ]
SQL: SHOW COLUMNS FROM `mall_class` [ RunTime:0.0960s ]
SQL: SELECT * FROM `mall_class` WHERE `status` = 1 AND `partent_id` = 0 ORDER BY listorder desc,class_id   [ RunTime:0.0910s ]
SQL: SELECT * FROM `mall_class` WHERE `status` = 1  [ RunTime:0.0020s ]
SQL: select  * from mall_product left join mall_class on mall_product.class_id=mall_class.class_id  where partent_id=68 and mall_product.status=1  order by partent_id,sell desc limit 0,5  [ RunTime:0.3300s ]
SQL: select  * from mall_product left join mall_class on mall_product.class_id=mall_class.class_id  where partent_id=69 and mall_product.status=1  order by partent_id,sell desc limit 0,5  [ RunTime:0.0120s ]
SQL: select  * from mall_product left join mall_class on mall_product.class_id=mall_class.class_id  where partent_id=70 and mall_product.status=1  order by partent_id,sell desc limit 0,5  [ RunTime:0.0060s ]
SQL: select  * from mall_product left join mall_class on mall_product.class_id=mall_class.class_id  where partent_id=71 and mall_product.status=1  order by partent_id,sell desc limit 0,5  [ RunTime:0.0050s ]
SQL: select  * from mall_product left join mall_class on mall_product.class_id=mall_class.class_id  where partent_id=72 and mall_product.status=1  order by partent_id,sell desc limit 0,5  [ RunTime:0.0060s ]
SQL: select  * from mall_product left join mall_class on mall_product.class_id=mall_class.class_id  where partent_id=73 and mall_product.status=1  order by partent_id,sell desc limit 0,5  [ RunTime:0.0170s ]
SQL: select  * from mall_product left join mall_class on mall_product.class_id=mall_class.class_id  where partent_id=74 and mall_product.status=1  order by partent_id,sell desc limit 0,5  [ RunTime:0.0060s ]
SQL: select  * from mall_product left join mall_class on mall_product.class_id=mall_class.class_id  where partent_id=75 and mall_product.status=1  order by partent_id,sell desc limit 0,5  [ RunTime:0.0060s ]
SQL: select  * from mall_product left join mall_class on mall_product.class_id=mall_class.class_id  where partent_id=40 and mall_product.status=1  order by partent_id,sell desc limit 0,5  [ RunTime:0.0010s ]
SQL: select  * from mall_product left join mall_class on mall_product.class_id=mall_class.class_id  where partent_id=50 and mall_product.status=1  order by partent_id,sell desc limit 0,5  [ RunTime:0.0050s ]
SQL: select  * from mall_product left join mall_class on mall_product.class_id=mall_class.class_id  where partent_id=51 and mall_product.status=1  order by partent_id,sell desc limit 0,5  [ RunTime:0.0050s ]
SQL: select  * from mall_product left join mall_class on mall_product.class_id=mall_class.class_id  where partent_id=54 and mall_product.status=1  order by partent_id,sell desc limit 0,5  [ RunTime:0.0180s ]
SQL: select  * from mall_product left join mall_class on mall_product.class_id=mall_class.class_id  where partent_id=55 and mall_product.status=1  order by partent_id,sell desc limit 0,5  [ RunTime:0.0060s ]
SQL: select  * from mall_product left join mall_class on mall_product.class_id=mall_class.class_id  where partent_id=56 and mall_product.status=1  order by partent_id,sell desc limit 0,5  [ RunTime:0.0060s ]
SQL: select  * from mall_product left join mall_class on mall_product.class_id=mall_class.class_id  where partent_id=57 and mall_product.status=1  order by partent_id,sell desc limit 0,5  [ RunTime:0.0060s ]
SQL: select  * from mall_product left join mall_class on mall_product.class_id=mall_class.class_id  where partent_id=58 and mall_product.status=1  order by partent_id,sell desc limit 0,5  [ RunTime:0.0060s ]
SQL: select  * from mall_product left join mall_class on mall_product.class_id=mall_class.class_id  where partent_id=59 and mall_product.status=1  order by partent_id,sell desc limit 0,5  [ RunTime:0.0060s ]
SQL: select  * from mall_product left join mall_class on mall_product.class_id=mall_class.class_id  where partent_id=41 and mall_product.status=1  order by partent_id,sell desc limit 0,5  [ RunTime:0.0010s ]
SQL: select  * from mall_product left join mall_class on mall_product.class_id=mall_class.class_id  where partent_id=111 and mall_product.status=1  order by partent_id,sell desc limit 0,5  [ RunTime:0.0060s ]
SQL: select  * from mall_product left join mall_class on mall_product.class_id=mall_class.class_id  where partent_id=112 and mall_product.status=1  order by partent_id,sell desc limit 0,5  [ RunTime:0.0050s ]
SQL: select  * from mall_product left join mall_class on mall_product.class_id=mall_class.class_id  where partent_id=113 and mall_product.status=1  order by partent_id,sell desc limit 0,5  [ RunTime:0.0050s ]
SQL: select  * from mall_product left join mall_class on mall_product.class_id=mall_class.class_id  where partent_id=114 and mall_product.status=1  order by partent_id,sell desc limit 0,5  [ RunTime:0.0040s ]
SQL: select  * from mall_product left join mall_class on mall_product.class_id=mall_class.class_id  where partent_id=115 and mall_product.status=1  order by partent_id,sell desc limit 0,5  [ RunTime:0.0040s ]
SQL: select  * from mall_product left join mall_class on mall_product.class_id=mall_class.class_id  where partent_id=116 and mall_product.status=1  order by partent_id,sell desc limit 0,5  [ RunTime:0.0040s ]
SQL: select  * from mall_product left join mall_class on mall_product.class_id=mall_class.class_id  where partent_id=117 and mall_product.status=1  order by partent_id,sell desc limit 0,5  [ RunTime:0.0050s ]
SQL: select  * from mall_product left join mall_class on mall_product.class_id=mall_class.class_id  where partent_id=42 and mall_product.status=1  order by partent_id,sell desc limit 0,5  [ RunTime:0.0010s ]
SQL: select  * from mall_product left join mall_class on mall_product.class_id=mall_class.class_id  where partent_id=118 and mall_product.status=1  order by partent_id,sell desc limit 0,5  [ RunTime:0.0040s ]
SQL: select  * from mall_product left join mall_class on mall_product.class_id=mall_class.class_id  where partent_id=119 and mall_product.status=1  order by partent_id,sell desc limit 0,5  [ RunTime:0.0040s ]
SQL: select  * from mall_product left join mall_class on mall_product.class_id=mall_class.class_id  where partent_id=120 and mall_product.status=1  order by partent_id,sell desc limit 0,5  [ RunTime:0.0040s ]
SQL: select  * from mall_product left join mall_class on mall_product.class_id=mall_class.class_id  where partent_id=121 and mall_product.status=1  order by partent_id,sell desc limit 0,5  [ RunTime:0.0040s ]
SQL: select  * from mall_product left join mall_class on mall_product.class_id=mall_class.class_id  where partent_id=122 and mall_product.status=1  order by partent_id,sell desc limit 0,5  [ RunTime:0.0040s ]
SQL: select  * from mall_product left join mall_class on mall_product.class_id=mall_class.class_id  where partent_id=123 and mall_product.status=1  order by partent_id,sell desc limit 0,5  [ RunTime:0.0050s ]
SQL: select  * from mall_product left join mall_class on mall_product.class_id=mall_class.class_id  where partent_id=43 and mall_product.status=1  order by partent_id,sell desc limit 0,5  [ RunTime:0.0030s ]
SQL: select  * from mall_product left join mall_class on mall_product.class_id=mall_class.class_id  where partent_id=105 and mall_product.status=1  order by partent_id,sell desc limit 0,5  [ RunTime:0.0050s ]
SQL: select  * from mall_product left join mall_class on mall_product.class_id=mall_class.class_id  where partent_id=106 and mall_product.status=1  order by partent_id,sell desc limit 0,5  [ RunTime:0.0040s ]
SQL: select  * from mall_product left join mall_class on mall_product.class_id=mall_class.class_id  where partent_id=107 and mall_product.status=1  order by partent_id,sell desc limit 0,5  [ RunTime:0.0040s ]
SQL: select  * from mall_product left join mall_class on mall_product.class_id=mall_class.class_id  where partent_id=108 and mall_product.status=1  order by partent_id,sell desc limit 0,5  [ RunTime:0.0040s ]
SQL: select  * from mall_product left join mall_class on mall_product.class_id=mall_class.class_id  where partent_id=109 and mall_product.status=1  order by partent_id,sell desc limit 0,5  [ RunTime:0.0040s ]
SQL: select  * from mall_product left join mall_class on mall_product.class_id=mall_class.class_id  where partent_id=110 and mall_product.status=1  order by partent_id,sell desc limit 0,5  [ RunTime:0.0040s ]
SQL: select  * from mall_product left join mall_class on mall_product.class_id=mall_class.class_id  where partent_id=44 and mall_product.status=1  order by partent_id,sell desc limit 0,5  [ RunTime:0.0010s ]
SQL: select  * from mall_product left join mall_class on mall_product.class_id=mall_class.class_id  where partent_id=99 and mall_product.status=1  order by partent_id,sell desc limit 0,5  [ RunTime:0.0050s ]
SQL: select  * from mall_product left join mall_class on mall_product.class_id=mall_class.class_id  where partent_id=100 and mall_product.status=1  order by partent_id,sell desc limit 0,5  [ RunTime:0.0050s ]
SQL: select  * from mall_product left join mall_class on mall_product.class_id=mall_class.class_id  where partent_id=101 and mall_product.status=1  order by partent_id,sell desc limit 0,5  [ RunTime:0.0040s ]
SQL: select  * from mall_product left join mall_class on mall_product.class_id=mall_class.class_id  where partent_id=102 and mall_product.status=1  order by partent_id,sell desc limit 0,5  [ RunTime:0.0040s ]
SQL: select  * from mall_product left join mall_class on mall_product.class_id=mall_class.class_id  where partent_id=103 and mall_product.status=1  order by partent_id,sell desc limit 0,5  [ RunTime:0.0040s ]
SQL: select  * from mall_product left join mall_class on mall_product.class_id=mall_class.class_id  where partent_id=104 and mall_product.status=1  order by partent_id,sell desc limit 0,5  [ RunTime:0.0040s ]
SQL: select  * from mall_product left join mall_class on mall_product.class_id=mall_class.class_id  where partent_id=45 and mall_product.status=1  order by partent_id,sell desc limit 0,5  [ RunTime:0.0040s ]
SQL: select  * from mall_product left join mall_class on mall_product.class_id=mall_class.class_id  where partent_id=92 and mall_product.status=1  order by partent_id,sell desc limit 0,5  [ RunTime:0.0040s ]
SQL: select  * from mall_product left join mall_class on mall_product.class_id=mall_class.class_id  where partent_id=93 and mall_product.status=1  order by partent_id,sell desc limit 0,5  [ RunTime:0.0050s ]
SQL: select  * from mall_product left join mall_class on mall_product.class_id=mall_class.class_id  where partent_id=94 and mall_product.status=1  order by partent_id,sell desc limit 0,5  [ RunTime:0.0110s ]
SQL: select  * from mall_product left join mall_class on mall_product.class_id=mall_class.class_id  where partent_id=95 and mall_product.status=1  order by partent_id,sell desc limit 0,5  [ RunTime:0.0110s ]
SQL: select  * from mall_product left join mall_class on mall_product.class_id=mall_class.class_id  where partent_id=96 and mall_product.status=1  order by partent_id,sell desc limit 0,5  [ RunTime:0.0100s ]
SQL: select  * from mall_product left join mall_class on mall_product.class_id=mall_class.class_id  where partent_id=97 and mall_product.status=1  order by partent_id,sell desc limit 0,5  [ RunTime:0.0060s ]
SQL: select  * from mall_product left join mall_class on mall_product.class_id=mall_class.class_id  where partent_id=98 and mall_product.status=1  order by partent_id,sell desc limit 0,5  [ RunTime:0.0060s ]
SQL: select  * from mall_product left join mall_class on mall_product.class_id=mall_class.class_id  where partent_id=46 and mall_product.status=1  order by partent_id,sell desc limit 0,5  [ RunTime:0.0030s ]
SQL: select  * from mall_product left join mall_class on mall_product.class_id=mall_class.class_id  where partent_id=85 and mall_product.status=1  order by partent_id,sell desc limit 0,5  [ RunTime:0.0060s ]
SQL: select  * from mall_product left join mall_class on mall_product.class_id=mall_class.class_id  where partent_id=86 and mall_product.status=1  order by partent_id,sell desc limit 0,5  [ RunTime:0.0060s ]
SQL: select  * from mall_product left join mall_class on mall_product.class_id=mall_class.class_id  where partent_id=87 and mall_product.status=1  order by partent_id,sell desc limit 0,5  [ RunTime:0.0050s ]
SQL: select  * from mall_product left join mall_class on mall_product.class_id=mall_class.class_id  where partent_id=88 and mall_product.status=1  order by partent_id,sell desc limit 0,5  [ RunTime:0.0050s ]
SQL: select  * from mall_product left join mall_class on mall_product.class_id=mall_class.class_id  where partent_id=89 and mall_product.status=1  order by partent_id,sell desc limit 0,5  [ RunTime:0.0040s ]
SQL: select  * from mall_product left join mall_class on mall_product.class_id=mall_class.class_id  where partent_id=90 and mall_product.status=1  order by partent_id,sell desc limit 0,5  [ RunTime:0.0040s ]
SQL: select  * from mall_product left join mall_class on mall_product.class_id=mall_class.class_id  where partent_id=91 and mall_product.status=1  order by partent_id,sell desc limit 0,5  [ RunTime:0.0040s ]
SQL: select  * from mall_product left join mall_class on mall_product.class_id=mall_class.class_id  where partent_id=47 and mall_product.status=1  order by partent_id,sell desc limit 0,5  [ RunTime:0.0010s ]
SQL: select  * from mall_product left join mall_class on mall_product.class_id=mall_class.class_id  where partent_id=52 and mall_product.status=1  order by partent_id,sell desc limit 0,5  [ RunTime:0.0040s ]
SQL: select  * from mall_product left join mall_class on mall_product.class_id=mall_class.class_id  where partent_id=76 and mall_product.status=1  order by partent_id,sell desc limit 0,5  [ RunTime:0.0050s ]
SQL: select  * from mall_product left join mall_class on mall_product.class_id=mall_class.class_id  where partent_id=77 and mall_product.status=1  order by partent_id,sell desc limit 0,5  [ RunTime:0.0040s ]
SQL: select  * from mall_product left join mall_class on mall_product.class_id=mall_class.class_id  where partent_id=78 and mall_product.status=1  order by partent_id,sell desc limit 0,5  [ RunTime:0.0050s ]
SQL: select  * from mall_product left join mall_class on mall_product.class_id=mall_class.class_id  where partent_id=79 and mall_product.status=1  order by partent_id,sell desc limit 0,5  [ RunTime:0.0040s ]
SQL: select  * from mall_product left join mall_class on mall_product.class_id=mall_class.class_id  where partent_id=80 and mall_product.status=1  order by partent_id,sell desc limit 0,5  [ RunTime:0.0040s ]
SQL: select  * from mall_product left join mall_class on mall_product.class_id=mall_class.class_id  where partent_id=81 and mall_product.status=1  order by partent_id,sell desc limit 0,5  [ RunTime:0.0040s ]
SQL: select  * from mall_product left join mall_class on mall_product.class_id=mall_class.class_id  where partent_id=82 and mall_product.status=1  order by partent_id,sell desc limit 0,5  [ RunTime:0.0050s ]
SQL: select  * from mall_product left join mall_class on mall_product.class_id=mall_class.class_id  where partent_id=48 and mall_product.status=1  order by partent_id,sell desc limit 0,5  [ RunTime:0.0010s ]
SQL: select  * from mall_product left join mall_class on mall_product.class_id=mall_class.class_id  where partent_id=60 and mall_product.status=1  order by partent_id,sell desc limit 0,5  [ RunTime:0.0040s ]
SQL: select  * from mall_product left join mall_class on mall_product.class_id=mall_class.class_id  where partent_id=61 and mall_product.status=1  order by partent_id,sell desc limit 0,5  [ RunTime:0.0040s ]
SQL: select  * from mall_product left join mall_class on mall_product.class_id=mall_class.class_id  where partent_id=62 and mall_product.status=1  order by partent_id,sell desc limit 0,5  [ RunTime:0.0040s ]
SQL: select  * from mall_product left join mall_class on mall_product.class_id=mall_class.class_id  where partent_id=63 and mall_product.status=1  order by partent_id,sell desc limit 0,5  [ RunTime:0.0040s ]
SQL: select  * from mall_product left join mall_class on mall_product.class_id=mall_class.class_id  where partent_id=64 and mall_product.status=1  order by partent_id,sell desc limit 0,5  [ RunTime:0.0040s ]
SQL: select  * from mall_product left join mall_class on mall_product.class_id=mall_class.class_id  where partent_id=65 and mall_product.status=1  order by partent_id,sell desc limit 0,5  [ RunTime:0.0040s ]
SQL: select  * from mall_product left join mall_class on mall_product.class_id=mall_class.class_id  where partent_id=66 and mall_product.status=1  order by partent_id,sell desc limit 0,5  [ RunTime:0.0050s ]
SQL: select  * from mall_product left join mall_class on mall_product.class_id=mall_class.class_id  where partent_id=67 and mall_product.status=1  order by partent_id,sell desc limit 0,5  [ RunTime:0.0040s ]
SQL: select  * from mall_product left join mall_class on mall_product.class_id=mall_class.class_id  where partent_id=49 and mall_product.status=1  order by partent_id,sell desc limit 0,5  [ RunTime:0.0020s ]
SQL: select  * from mall_product left join mall_class on mall_product.class_id=mall_class.class_id  where partent_id=124 and mall_product.status=1  order by partent_id,sell desc limit 0,5  [ RunTime:0.0040s ]
SQL: select  * from mall_product left join mall_class on mall_product.class_id=mall_class.class_id  where partent_id=125 and mall_product.status=1  order by partent_id,sell desc limit 0,5  [ RunTime:0.0040s ]
SQL: SHOW COLUMNS FROM `mall_cart` [ RunTime:0.0180s ]
SQL: SELECT COUNT(*) AS tp_count FROM `mall_cart` WHERE `user_id` = null LIMIT 1   [ RunTime:0.1370s ]
INFO: [ view_parse ] --START--
INFO: [ template_filter ] --START--
INFO: Run Behavior\ContentReplaceBehavior [ RunTime:0.000000s ]
INFO: [ template_filter ] --END-- [ RunTime:0.000000s ]
INFO: Run Behavior\ParseTemplateBehavior [ RunTime:0.391022s ]
INFO: [ view_parse ] --END-- [ RunTime:0.391022s ]
INFO: [ view_filter ] --START--
INFO: Run Behavior\WriteHtmlCacheBehavior [ RunTime:0.053003s ]
INFO: [ view_filter ] --END-- [ RunTime:0.053003s ]
INFO: [ app_end ] --START--
INFO: Run Behavior\ShowPageTraceBehavior [ RunTime:0.058003s ]
INFO: [ app_end ] --END-- [ RunTime:0.058003s ]

[ 2017-12-25T02:22:48+08:00 ] 127.0.0.1 /index.php/Home/Index/index
INFO: [ app_init ] --START--
INFO: Run Behavior\BuildLiteBehavior [ RunTime:0.000000s ]
INFO: [ app_init ] --END-- [ RunTime:0.000000s ]
INFO: [ app_begin ] --START--
INFO: Run Behavior\ReadHtmlCacheBehavior [ RunTime:0.001000s ]
INFO: [ app_begin ] --END-- [ RunTime:0.001000s ]
SQL: SHOW COLUMNS FROM `mall_class` [ RunTime:0.0530s ]
SQL: SELECT * FROM `mall_class` WHERE `status` = 1 AND `partent_id` = 0 ORDER BY listorder desc,class_id   [ RunTime:0.1100s ]
SQL: SELECT * FROM `mall_class` WHERE `status` = 1  [ RunTime:0.1620s ]
SQL: select  * from mall_product left join mall_class on mall_product.class_id=mall_class.class_id  where partent_id=68 and mall_product.status=1  order by partent_id,sell desc limit 0,5  [ RunTime:0.5670s ]
SQL: select  * from mall_product left join mall_class on mall_product.class_id=mall_class.class_id  where partent_id=69 and mall_product.status=1  order by partent_id,sell desc limit 0,5  [ RunTime:0.0050s ]
SQL: select  * from mall_product left join mall_class on mall_product.class_id=mall_class.class_id  where partent_id=70 and mall_product.status=1  order by partent_id,sell desc limit 0,5  [ RunTime:0.0050s ]
SQL: select  * from mall_product left join mall_class on mall_product.class_id=mall_class.class_id  where partent_id=71 and mall_product.status=1  order by partent_id,sell desc limit 0,5  [ RunTime:0.0050s ]
SQL: select  * from mall_product left join mall_class on mall_product.class_id=mall_class.class_id  where partent_id=72 and mall_product.status=1  order by partent_id,sell desc limit 0,5  [ RunTime:0.0040s ]
SQL: select  * from mall_product left join mall_class on mall_product.class_id=mall_class.class_id  where partent_id=73 and mall_product.status=1  order by partent_id,sell desc limit 0,5  [ RunTime:0.0040s ]
SQL: select  * from mall_product left join mall_class on mall_product.class_id=mall_class.class_id  where partent_id=74 and mall_product.status=1  order by partent_id,sell desc limit 0,5  [ RunTime:0.0210s ]
SQL: select  * from mall_product left join mall_class on mall_product.class_id=mall_class.class_id  where partent_id=75 and mall_product.status=1  order by partent_id,sell desc limit 0,5  [ RunTime:0.0040s ]
SQL: select  * from mall_product left join mall_class on mall_product.class_id=mall_class.class_id  where partent_id=40 and mall_product.status=1  order by partent_id,sell desc limit 0,5  [ RunTime:0.0010s ]
SQL: select  * from mall_product left join mall_class on mall_product.class_id=mall_class.class_id  where partent_id=50 and mall_product.status=1  order by partent_id,sell desc limit 0,5  [ RunTime:0.0040s ]
SQL: select  * from mall_product left join mall_class on mall_product.class_id=mall_class.class_id  where partent_id=51 and mall_product.status=1  order by partent_id,sell desc limit 0,5  [ RunTime:0.0040s ]
SQL: select  * from mall_product left join mall_class on mall_product.class_id=mall_class.class_id  where partent_id=54 and mall_product.status=1  order by partent_id,sell desc limit 0,5  [ RunTime:0.0050s ]
SQL: select  * from mall_product left join mall_class on mall_product.class_id=mall_class.class_id  where partent_id=55 and mall_product.status=1  order by partent_id,sell desc limit 0,5  [ RunTime:0.0050s ]
SQL: select  * from mall_product left join mall_class on mall_product.class_id=mall_class.class_id  where partent_id=56 and mall_product.status=1  order by partent_id,sell desc limit 0,5  [ RunTime:0.0050s ]
SQL: select  * from mall_product left join mall_class on mall_product.class_id=mall_class.class_id  where partent_id=57 and mall_product.status=1  order by partent_id,sell desc limit 0,5  [ RunTime:0.0060s ]
SQL: select  * from mall_product left join mall_class on mall_product.class_id=mall_class.class_id  where partent_id=58 and mall_product.status=1  order by partent_id,sell desc limit 0,5  [ RunTime:0.0050s ]
SQL: select  * from mall_product left join mall_class on mall_product.class_id=mall_class.class_id  where partent_id=59 and mall_product.status=1  order by partent_id,sell desc limit 0,5  [ RunTime:0.0040s ]
SQL: select  * from mall_product left join mall_class on mall_product.class_id=mall_class.class_id  where partent_id=41 and mall_product.status=1  order by partent_id,sell desc limit 0,5  [ RunTime:0.0020s ]
SQL: select  * from mall_product left join mall_class on mall_product.class_id=mall_class.class_id  where partent_id=111 and mall_product.status=1  order by partent_id,sell desc limit 0,5  [ RunTime:0.0040s ]
SQL: select  * from mall_product left join mall_class on mall_product.class_id=mall_class.class_id  where partent_id=112 and mall_product.status=1  order by partent_id,sell desc limit 0,5  [ RunTime:0.0060s ]
SQL: select  * from mall_product left join mall_class on mall_product.class_id=mall_class.class_id  where partent_id=113 and mall_product.status=1  order by partent_id,sell desc limit 0,5  [ RunTime:0.0050s ]
SQL: select  * from mall_product left join mall_class on mall_product.class_id=mall_class.class_id  where partent_id=114 and mall_product.status=1  order by partent_id,sell desc limit 0,5  [ RunTime:0.0050s ]
SQL: select  * from mall_product left join mall_class on mall_product.class_id=mall_class.class_id  where partent_id=115 and mall_product.status=1  order by partent_id,sell desc limit 0,5  [ RunTime:0.0060s ]
SQL: select  * from mall_product left join mall_class on mall_product.class_id=mall_class.class_id  where partent_id=116 and mall_product.status=1  order by partent_id,sell desc limit 0,5  [ RunTime:0.0090s ]
SQL: select  * from mall_product left join mall_class on mall_product.class_id=mall_class.class_id  where partent_id=117 and mall_product.status=1  order by partent_id,sell desc limit 0,5  [ RunTime:0.0060s ]
SQL: select  * from mall_product left join mall_class on mall_product.class_id=mall_class.class_id  where partent_id=42 and mall_product.status=1  order by partent_id,sell desc limit 0,5  [ RunTime:0.0020s ]
SQL: select  * from mall_product left join mall_class on mall_product.class_id=mall_class.class_id  where partent_id=118 and mall_product.status=1  order by partent_id,sell desc limit 0,5  [ RunTime:0.0090s ]
SQL: select  * from mall_product left join mall_class on mall_product.class_id=mall_class.class_id  where partent_id=119 and mall_product.status=1  order by partent_id,sell desc limit 0,5  [ RunTime:0.0040s ]
SQL: select  * from mall_product left join mall_class on mall_product.class_id=mall_class.class_id  where partent_id=120 and mall_product.status=1  order by partent_id,sell desc limit 0,5  [ RunTime:0.0040s ]
SQL: select  * from mall_product left join mall_class on mall_product.class_id=mall_class.class_id  where partent_id=121 and mall_product.status=1  order by partent_id,sell desc limit 0,5  [ RunTime:0.0040s ]
SQL: select  * from mall_product left join mall_class on mall_product.class_id=mall_class.class_id  where partent_id=122 and mall_product.status=1  order by partent_id,sell desc limit 0,5  [ RunTime:0.0050s ]
SQL: select  * from mall_product left join mall_class on mall_product.class_id=mall_class.class_id  where partent_id=123 and mall_product.status=1  order by partent_id,sell desc limit 0,5  [ RunTime:0.0040s ]
SQL: select  * from mall_product left join mall_class on mall_product.class_id=mall_class.class_id  where partent_id=43 and mall_product.status=1  order by partent_id,sell desc limit 0,5  [ RunTime:0.0030s ]
SQL: select  * from mall_product left join mall_class on mall_product.class_id=mall_class.class_id  where partent_id=105 and mall_product.status=1  order by partent_id,sell desc limit 0,5  [ RunTime:0.0040s ]
SQL: select  * from mall_product left join mall_class on mall_product.class_id=mall_class.class_id  where partent_id=106 and mall_product.status=1  order by partent_id,sell desc limit 0,5  [ RunTime:0.0040s ]
SQL: select  * from mall_product left join mall_class on mall_product.class_id=mall_class.class_id  where partent_id=107 and mall_product.status=1  order by partent_id,sell desc limit 0,5  [ RunTime:0.0040s ]
SQL: select  * from mall_product left join mall_class on mall_product.class_id=mall_class.class_id  where partent_id=108 and mall_product.status=1  order by partent_id,sell desc limit 0,5  [ RunTime:0.0040s ]
SQL: select  * from mall_product left join mall_class on mall_product.class_id=mall_class.class_id  where partent_id=109 and mall_product.status=1  order by partent_id,sell desc limit 0,5  [ RunTime:0.0040s ]
SQL: select  * from mall_product left join mall_class on mall_product.class_id=mall_class.class_id  where partent_id=110 and mall_product.status=1  order by partent_id,sell desc limit 0,5  [ RunTime:0.0050s ]
SQL: select  * from mall_product left join mall_class on mall_product.class_id=mall_class.class_id  where partent_id=44 and mall_product.status=1  order by partent_id,sell desc limit 0,5  [ RunTime:0.0010s ]
SQL: select  * from mall_product left join mall_class on mall_product.class_id=mall_class.class_id  where partent_id=99 and mall_product.status=1  order by partent_id,sell desc limit 0,5  [ RunTime:0.0050s ]
SQL: select  * from mall_product left join mall_class on mall_product.class_id=mall_class.class_id  where partent_id=100 and mall_product.status=1  order by partent_id,sell desc limit 0,5  [ RunTime:0.0040s ]
SQL: select  * from mall_product left join mall_class on mall_product.class_id=mall_class.class_id  where partent_id=101 and mall_product.status=1  order by partent_id,sell desc limit 0,5  [ RunTime:0.0040s ]
SQL: select  * from mall_product left join mall_class on mall_product.class_id=mall_class.class_id  where partent_id=102 and mall_product.status=1  order by partent_id,sell desc limit 0,5  [ RunTime:0.0040s ]
SQL: select  * from mall_product left join mall_class on mall_product.class_id=mall_class.class_id  where partent_id=103 and mall_product.status=1  order by partent_id,sell desc limit 0,5  [ RunTime:0.0050s ]
SQL: select  * from mall_product left join mall_class on mall_product.class_id=mall_class.class_id  where partent_id=104 and mall_product.status=1  order by partent_id,sell desc limit 0,5  [ RunTime:0.0050s ]
SQL: select  * from mall_product left join mall_class on mall_product.class_id=mall_class.class_id  where partent_id=45 and mall_product.status=1  order by partent_id,sell desc limit 0,5  [ RunTime:0.0030s ]
SQL: select  * from mall_product left join mall_class on mall_product.class_id=mall_class.class_id  where partent_id=92 and mall_product.status=1  order by partent_id,sell desc limit 0,5  [ RunTime:0.0040s ]
SQL: select  * from mall_product left join mall_class on mall_product.class_id=mall_class.class_id  where partent_id=93 and mall_product.status=1  order by partent_id,sell desc limit 0,5  [ RunTime:0.0040s ]
SQL: select  * from mall_product left join mall_class on mall_product.class_id=mall_class.class_id  where partent_id=94 and mall_product.status=1  order by partent_id,sell desc limit 0,5  [ RunTime:0.0040s ]
SQL: select  * from mall_product left join mall_class on mall_product.class_id=mall_class.class_id  where partent_id=95 and mall_product.status=1  order by partent_id,sell desc limit 0,5  [ RunTime:0.0040s ]
SQL: select  * from mall_product left join mall_class on mall_product.class_id=mall_class.class_id  where partent_id=96 and mall_product.status=1  order by partent_id,sell desc limit 0,5  [ RunTime:0.0040s ]
SQL: select  * from mall_product left join mall_class on mall_product.class_id=mall_class.class_id  where partent_id=97 and mall_product.status=1  order by partent_id,sell desc limit 0,5  [ RunTime:0.0050s ]
SQL: select  * from mall_product left join mall_class on mall_product.class_id=mall_class.class_id  where partent_id=98 and mall_product.status=1  order by partent_id,sell desc limit 0,5  [ RunTime:0.0040s ]
SQL: select  * from mall_product left join mall_class on mall_product.class_id=mall_class.class_id  where partent_id=46 and mall_product.status=1  order by partent_id,sell desc limit 0,5  [ RunTime:0.0040s ]
SQL: select  * from mall_product left join mall_class on mall_product.class_id=mall_class.class_id  where partent_id=85 and mall_product.status=1  order by partent_id,sell desc limit 0,5  [ RunTime:0.0040s ]
SQL: select  * from mall_product left join mall_class on mall_product.class_id=mall_class.class_id  where partent_id=86 and mall_product.status=1  order by partent_id,sell desc limit 0,5  [ RunTime:0.0040s ]
SQL: select  * from mall_product left join mall_class on mall_product.class_id=mall_class.class_id  where partent_id=87 and mall_product.status=1  order by partent_id,sell desc limit 0,5  [ RunTime:0.0040s ]
SQL: select  * from mall_product left join mall_class on mall_product.class_id=mall_class.class_id  where partent_id=88 and mall_product.status=1  order by partent_id,sell desc limit 0,5  [ RunTime:0.0040s ]
SQL: select  * from mall_product left join mall_class on mall_product.class_id=mall_class.class_id  where partent_id=89 and mall_product.status=1  order by partent_id,sell desc limit 0,5  [ RunTime:0.0040s ]
SQL: select  * from mall_product left join mall_class on mall_product.class_id=mall_class.class_id  where partent_id=90 and mall_product.status=1  order by partent_id,sell desc limit 0,5  [ RunTime:0.0050s ]
SQL: select  * from mall_product left join mall_class on mall_product.class_id=mall_class.class_id  where partent_id=91 and mall_product.status=1  order by partent_id,sell desc limit 0,5  [ RunTime:0.0050s ]
SQL: select  * from mall_product left join mall_class on mall_product.class_id=mall_class.class_id  where partent_id=47 and mall_product.status=1  order by partent_id,sell desc limit 0,5  [ RunTime:0.0020s ]
SQL: select  * from mall_product left join mall_class on mall_product.class_id=mall_class.class_id  where partent_id=52 and mall_product.status=1  order by partent_id,sell desc limit 0,5  [ RunTime:0.0040s ]
SQL: select  * from mall_product left join mall_class on mall_product.class_id=mall_class.class_id  where partent_id=76 and mall_product.status=1  order by partent_id,sell desc limit 0,5  [ RunTime:0.0040s ]
SQL: select  * from mall_product left join mall_class on mall_product.class_id=mall_class.class_id  where partent_id=77 and mall_product.status=1  order by partent_id,sell desc limit 0,5  [ RunTime:0.0050s ]
SQL: select  * from mall_product left join mall_class on mall_product.class_id=mall_class.class_id  where partent_id=78 and mall_product.status=1  order by partent_id,sell desc limit 0,5  [ RunTime:0.0040s ]
SQL: select  * from mall_product left join mall_class on mall_product.class_id=mall_class.class_id  where partent_id=79 and mall_product.status=1  order by partent_id,sell desc limit 0,5  [ RunTime:0.0050s ]
SQL: select  * from mall_product left join mall_class on mall_product.class_id=mall_class.class_id  where partent_id=80 and mall_product.status=1  order by partent_id,sell desc limit 0,5  [ RunTime:0.0050s ]
SQL: select  * from mall_product left join mall_class on mall_product.class_id=mall_class.class_id  where partent_id=81 and mall_product.status=1  order by partent_id,sell desc limit 0,5  [ RunTime:0.0040s ]
SQL: select  * from mall_product left join mall_class on mall_product.class_id=mall_class.class_id  where partent_id=82 and mall_product.status=1  order by partent_id,sell desc limit 0,5  [ RunTime:0.0050s ]
SQL: select  * from mall_product left join mall_class on mall_product.class_id=mall_class.class_id  where partent_id=48 and mall_product.status=1  order by partent_id,sell desc limit 0,5  [ RunTime:0.0010s ]
SQL: select  * from mall_product left join mall_class on mall_product.class_id=mall_class.class_id  where partent_id=60 and mall_product.status=1  order by partent_id,sell desc limit 0,5  [ RunTime:0.0040s ]
SQL: select  * from mall_product left join mall_class on mall_product.class_id=mall_class.class_id  where partent_id=61 and mall_product.status=1  order by partent_id,sell desc limit 0,5  [ RunTime:0.0050s ]
SQL: select  * from mall_product left join mall_class on mall_product.class_id=mall_class.class_id  where partent_id=62 and mall_product.status=1  order by partent_id,sell desc limit 0,5  [ RunTime:0.0050s ]
SQL: select  * from mall_product left join mall_class on mall_product.class_id=mall_class.class_id  where partent_id=63 and mall_product.status=1  order by partent_id,sell desc limit 0,5  [ RunTime:0.0040s ]
SQL: select  * from mall_product left join mall_class on mall_product.class_id=mall_class.class_id  where partent_id=64 and mall_product.status=1  order by partent_id,sell desc limit 0,5  [ RunTime:0.0040s ]
SQL: select  * from mall_product left join mall_class on mall_product.class_id=mall_class.class_id  where partent_id=65 and mall_product.status=1  order by partent_id,sell desc limit 0,5  [ RunTime:0.0040s ]
SQL: select  * from mall_product left join mall_class on mall_product.class_id=mall_class.class_id  where partent_id=66 and mall_product.status=1  order by partent_id,sell desc limit 0,5  [ RunTime:0.0040s ]
SQL: select  * from mall_product left join mall_class on mall_product.class_id=mall_class.class_id  where partent_id=67 and mall_product.status=1  order by partent_id,sell desc limit 0,5  [ RunTime:0.0040s ]
SQL: select  * from mall_product left join mall_class on mall_product.class_id=mall_class.class_id  where partent_id=49 and mall_product.status=1  order by partent_id,sell desc limit 0,5  [ RunTime:0.0020s ]
SQL: select  * from mall_product left join mall_class on mall_product.class_id=mall_class.class_id  where partent_id=124 and mall_product.status=1  order by partent_id,sell desc limit 0,5  [ RunTime:0.0040s ]
SQL: select  * from mall_product left join mall_class on mall_product.class_id=mall_class.class_id  where partent_id=125 and mall_product.status=1  order by partent_id,sell desc limit 0,5  [ RunTime:0.0040s ]
SQL: SHOW COLUMNS FROM `mall_cart` [ RunTime:0.0000s ]
SQL: SELECT COUNT(*) AS tp_count FROM `mall_cart` WHERE `user_id` = null LIMIT 1   [ RunTime:0.0000s ]
INFO: [ view_parse ] --START--
INFO: [ template_filter ] --START--
INFO: Run Behavior\ContentReplaceBehavior [ RunTime:0.001000s ]
INFO: [ template_filter ] --END-- [ RunTime:0.001000s ]
INFO: Run Behavior\ParseTemplateBehavior [ RunTime:0.027002s ]
INFO: [ view_parse ] --END-- [ RunTime:0.027002s ]
INFO: [ view_filter ] --START--
INFO: Run Behavior\WriteHtmlCacheBehavior [ RunTime:0.001000s ]
INFO: [ view_filter ] --END-- [ RunTime:0.001000s ]
INFO: [ app_end ] --START--
INFO: Run Behavior\ShowPageTraceBehavior [ RunTime:0.002000s ]
INFO: [ app_end ] --END-- [ RunTime:0.002000s ]

