[ 2017-12-23T22:29:47+08:00 ] 127.0.0.1 /index.php/Admin
INFO: [ app_init ] --START--
INFO: Run Behavior\BuildLiteBehavior [ RunTime:0.000000s ]
INFO: [ app_init ] --END-- [ RunTime:0.001000s ]
INFO: [ app_begin ] --START--
INFO: Run Behavior\ReadHtmlCacheBehavior [ RunTime:0.001001s ]
INFO: [ app_begin ] --END-- [ RunTime:0.001001s ]

[ 2017-12-23T22:29:48+08:00 ] 127.0.0.1 /index.php/Admin/login/index.html
INFO: [ app_init ] --START--
INFO: Run Behavior\BuildLiteBehavior [ RunTime:0.000000s ]
INFO: [ app_init ] --END-- [ RunTime:0.001000s ]
INFO: [ app_begin ] --START--
INFO: Run Behavior\ReadHtmlCacheBehavior [ RunTime:0.001000s ]
INFO: [ app_begin ] --END-- [ RunTime:0.001000s ]
INFO: [ view_parse ] --START--
INFO: [ template_filter ] --START--
INFO: Run Behavior\ContentReplaceBehavior [ RunTime:0.000000s ]
INFO: [ template_filter ] --END-- [ RunTime:0.000000s ]
INFO: Run Behavior\ParseTemplateBehavior [ RunTime:0.080005s ]
INFO: [ view_parse ] --END-- [ RunTime:0.080005s ]
INFO: [ view_filter ] --START--
INFO: Run Behavior\WriteHtmlCacheBehavior [ RunTime:0.002000s ]
INFO: [ view_filter ] --END-- [ RunTime:0.002000s ]
INFO: [ app_end ] --START--
INFO: Run Behavior\ShowPageTraceBehavior [ RunTime:0.002000s ]
INFO: [ app_end ] --END-- [ RunTime:0.002000s ]

[ 2017-12-23T22:29:56+08:00 ] 127.0.0.1 /index.php/Admin/login/check
INFO: [ app_init ] --START--
INFO: Run Behavior\BuildLiteBehavior [ RunTime:0.000000s ]
INFO: [ app_init ] --END-- [ RunTime:0.001000s ]
INFO: [ app_begin ] --START--
INFO: Run Behavior\ReadHtmlCacheBehavior [ RunTime:0.001000s ]
INFO: [ app_begin ] --END-- [ RunTime:0.001000s ]
SQL: SHOW COLUMNS FROM `mall_admin` [ RunTime:0.1050s ]
SQL: SELECT * FROM `mall_admin` WHERE ( username="admin" ) LIMIT 1   [ RunTime:0.0010s ]
SQL: UPDATE `mall_admin` SET `lastlogintime`='1514039396' WHERE ( admin_id=1 ) [ RunTime:0.0380s ]

[ 2017-12-23T22:29:58+08:00 ] 127.0.0.1 /index.php/Admin/index
INFO: [ app_init ] --START--
INFO: Run Behavior\BuildLiteBehavior [ RunTime:0.000000s ]
INFO: [ app_init ] --END-- [ RunTime:0.000000s ]
INFO: [ app_begin ] --START--
INFO: Run Behavior\ReadHtmlCacheBehavior [ RunTime:0.001000s ]
INFO: [ app_begin ] --END-- [ RunTime:0.001000s ]
INFO: [ view_parse ] --START--
INFO: [ template_filter ] --START--
INFO: Run Behavior\ContentReplaceBehavior [ RunTime:0.001000s ]
INFO: [ template_filter ] --END-- [ RunTime:0.001000s ]
NOTIC: [2] Declaration of Common\Model\MenuModel::find($id) should be compatible with Think\Model::find($options = Array) D:\wamp64\www\mall\Application\Common\Model\MenuModel.class.php 第 7 行.
SQL: SHOW COLUMNS FROM `mall_menu` [ RunTime:0.0490s ]
SQL: SELECT * FROM `mall_menu` WHERE `status` <> -1 AND `type` = 1 ORDER BY listorder desc,menu_id   [ RunTime:0.0020s ]
NOTIC: [8] Undefined index: a D:\wamp64\www\mall\Application\Common\Common\function.php 第 37 行.
NOTIC: [8] Undefined index: a D:\wamp64\www\mall\Application\Common\Common\function.php 第 37 行.
NOTIC: [8] Undefined index: a D:\wamp64\www\mall\Application\Common\Common\function.php 第 37 行.
NOTIC: [8] Undefined index: a D:\wamp64\www\mall\Application\Common\Common\function.php 第 37 行.
NOTIC: [8] Undefined index: a D:\wamp64\www\mall\Application\Common\Common\function.php 第 37 行.
INFO: Run Behavior\ParseTemplateBehavior [ RunTime:0.125007s ]
INFO: [ view_parse ] --END-- [ RunTime:0.125007s ]
INFO: [ view_filter ] --START--
INFO: Run Behavior\WriteHtmlCacheBehavior [ RunTime:0.003001s ]
INFO: [ view_filter ] --END-- [ RunTime:0.003001s ]
INFO: [ app_end ] --START--
INFO: Run Behavior\ShowPageTraceBehavior [ RunTime:0.003000s ]
INFO: [ app_end ] --END-- [ RunTime:0.003000s ]

[ 2017-12-23T22:30:14+08:00 ] 127.0.0.1 /index.php/Admin/Index/index.html
INFO: [ app_init ] --START--
INFO: Run Behavior\BuildLiteBehavior [ RunTime:0.000000s ]
INFO: [ app_init ] --END-- [ RunTime:0.000000s ]
INFO: [ app_begin ] --START--
INFO: Run Behavior\ReadHtmlCacheBehavior [ RunTime:0.001000s ]
INFO: [ app_begin ] --END-- [ RunTime:0.001000s ]
INFO: [ view_parse ] --START--
INFO: [ template_filter ] --START--
INFO: Run Behavior\ContentReplaceBehavior [ RunTime:0.001000s ]
INFO: [ template_filter ] --END-- [ RunTime:0.001000s ]
NOTIC: [2] Declaration of Common\Model\MenuModel::find($id) should be compatible with Think\Model::find($options = Array) D:\wamp64\www\mall\Application\Common\Model\MenuModel.class.php 第 7 行.
SQL: SHOW COLUMNS FROM `mall_menu` [ RunTime:0.2480s ]
SQL: SELECT * FROM `mall_menu` WHERE `status` <> -1 AND `type` = 1 ORDER BY listorder desc,menu_id   [ RunTime:0.0010s ]
NOTIC: [8] Undefined index: a D:\wamp64\www\mall\Application\Common\Common\function.php 第 37 行.
NOTIC: [8] Undefined index: a D:\wamp64\www\mall\Application\Common\Common\function.php 第 37 行.
NOTIC: [8] Undefined index: a D:\wamp64\www\mall\Application\Common\Common\function.php 第 37 行.
NOTIC: [8] Undefined index: a D:\wamp64\www\mall\Application\Common\Common\function.php 第 37 行.
NOTIC: [8] Undefined index: a D:\wamp64\www\mall\Application\Common\Common\function.php 第 37 行.
INFO: Run Behavior\ParseTemplateBehavior [ RunTime:0.448026s ]
INFO: [ view_parse ] --END-- [ RunTime:0.448026s ]
INFO: [ view_filter ] --START--
INFO: Run Behavior\WriteHtmlCacheBehavior [ RunTime:0.002000s ]
INFO: [ view_filter ] --END-- [ RunTime:0.002000s ]
INFO: [ app_end ] --START--
INFO: Run Behavior\ShowPageTraceBehavior [ RunTime:0.002000s ]
INFO: [ app_end ] --END-- [ RunTime:0.002000s ]

